Build started 06/12/2015 19:57:24.
     1>Project "C:\Users\Gustavo\Desktop\bcc\tamu\1semester\441\assingments\06\viewer\key_frame1.vcxproj" on node 2 (Build target(s)).
     1>ClCompile:
         C:\Program Files (x86)\Microsoft Visual Studio 11.0\VC\bin\CL.exe /c /I"C:\Users\Gustavo\Desktop\bcc\tamu\1semester\441\assingments\06\fltk-1.0.11" /I"E:\asf_amc_viewer_vs8\asf_amc_viewer 1-18-2005\fltk-1.0.11" /Zi /nologo /W3 /WX- /O2 /Ob1 /Oy- /D WIN32 /D NDEBUG /D _CONSOLE /D _VC80_UPGRADE=0x0600 /D _MBCS /GF /Gm- /EHsc /MD /GS /Gy /fp:precise /Zc:wchar_t /Zc:forScope /Fo".\Release/" /Fd".\Release/vc110.pdb" /Gd /TP /analyze- /errorReport:prompt CatmullRom.cpp player.cxx
         CatmullRom.cpp
         player.cxx
     1>player.cxx(89): warning C4305: 'argument' : truncation from 'double' to 'GLfloat'
     1>player.cxx(93): warning C4305: 'argument' : truncation from 'double' to 'GLfloat'
     1>player.cxx(97): warning C4305: 'argument' : truncation from 'double' to 'GLfloat'
     1>player.cxx(110): warning C4305: 'initializing' : truncation from 'double' to 'GLfloat'
     1>player.cxx(111): warning C4305: 'initializing' : truncation from 'double' to 'GLfloat'
     1>player.cxx(113): warning C4305: 'initializing' : truncation from 'double' to 'GLfloat'
     1>player.cxx(129): warning C4305: 'argument' : truncation from 'double' to 'GLfloat'
     1>player.cxx(137): warning C4305: 'argument' : truncation from 'double' to 'GLfloat'
     1>player.cxx(246): warning C4305: 'argument' : truncation from 'double' to 'float'
     1>player.cxx(255): warning C4305: 'argument' : truncation from 'double' to 'float'
     1>player.cxx(262): warning C4305: 'argument' : truncation from 'double' to 'float'
     1>player.cxx(269): warning C4305: 'argument' : truncation from 'double' to 'float'
     1>player.cxx(274): warning C4305: 'argument' : truncation from 'double' to 'float'
     1>player.cxx(281): warning C4305: 'argument' : truncation from 'double' to 'float'
     1>player.cxx(344): warning C4305: 'argument' : truncation from 'double' to 'float'
     1>player.cxx(345): warning C4996: 'strcpy': This function or variable may be unsafe. Consider using strcpy_s instead. To disable deprecation, use _CRT_SECURE_NO_WARNINGS. See online help for details.
                 C:\Program Files (x86)\Microsoft Visual Studio 11.0\VC\include\string.h(110) : see declaration of 'strcpy'
     1>player.cxx(375): warning C4996: 'strcpy': This function or variable may be unsafe. Consider using strcpy_s instead. To disable deprecation, use _CRT_SECURE_NO_WARNINGS. See online help for details.
                 C:\Program Files (x86)\Microsoft Visual Studio 11.0\VC\include\string.h(110) : see declaration of 'strcpy'
     1>player.cxx(378): warning C4305: 'argument' : truncation from 'double' to 'float'
     1>player.cxx(650): warning C4305: 'initializing' : truncation from 'double' to 'GLfloat'
     1>player.cxx(651): warning C4305: 'initializing' : truncation from 'double' to 'GLfloat'
     1>player.cxx(659): warning C4305: 'initializing' : truncation from 'double' to 'GLfloat'
     1>player.cxx(662): warning C4305: 'initializing' : truncation from 'double' to 'GLfloat'
     1>player.cxx(688): warning C4305: 'initializing' : truncation from 'double' to 'GLfloat'
     1>player.cxx(798): warning C4244: 'argument' : conversion from 'double' to 'GLfloat', possible loss of data
     1>player.cxx(768): warning C4101: 'ev_x' : unreferenced local variable
     1>player.cxx(768): warning C4101: 'ev_y' : unreferenced local variable
     1>player.cxx(923): warning C4305: 'argument' : truncation from 'double' to 'float'
     1>player.cxx(954): warning C4305: 'argument' : truncation from 'double' to 'float'
         Generating Code...
       Link:
         C:\Program Files (x86)\Microsoft Visual Studio 11.0\VC\bin\link.exe /ERRORREPORT:PROMPT /OUT:".\Release/key_frame1.exe" /INCREMENTAL:NO /NOLOGO glu32.lib opengl32.lib comctl32.lib wsock32.lib libjpeg.lib kernel32.lib user32.lib gdi32.lib winspool.lib comdlg32.lib advapi32.lib shell32.lib ole32.lib oleaut32.lib uuid.lib odbc32.lib odbccp32.lib /MANIFEST /MANIFESTUAC:"level='asInvoker' uiAccess='false'" /manifest:embed /PDB:".\Release/key_frame1.pdb" /SUBSYSTEM:CONSOLE /TLBID:1 /DYNAMICBASE /NXCOMPAT /IMPLIB:".\Release\key_frame1.lib" /MACHINE:X86 /SAFESEH .\Release/CatmullRom.obj
         .\Release/display.obj
         .\Release/interface.obj
         .\Release/interpolator.obj
         .\Release/motion.obj
         .\Release/player.obj
         .\Release/posture.obj
         .\Release/skeleton.obj
         .\Release/transform.obj
         .\Release/vector.obj
         "C:\Users\Gustavo\Desktop\bcc\tamu\1semester\441\assingments\06\fltk-1.0.11\lib\fltk.lib"
            Creating library .\Release\key_frame1.lib and object .\Release\key_frame1.exp
         key_frame1.vcxproj -> C:\Users\Gustavo\Desktop\bcc\tamu\1semester\441\assingments\06\viewer\.\Release\key_frame1.exe
     1>Done Building Project "C:\Users\Gustavo\Desktop\bcc\tamu\1semester\441\assingments\06\viewer\key_frame1.vcxproj" (Build target(s)).

Build succeeded.

Time Elapsed 00:00:01.69
