Build started 06/12/2015 18:56:48.
     1>Project "C:\Users\Gustavo\Desktop\bcc\tamu\1semester\441\assingments\06\fltk-1.0.11\visualc\fltk.lib.vcxproj" on node 2 (Build target(s)).
     1>ClCompile:
         C:\Program Files (x86)\Microsoft Visual Studio 11.0\VC\bin\CL.exe /c /I. /I.. /Zi /nologo /W1 /WX- /Od /Ob2 /Oy- /D FL_STATIC /D WIN32 /D NDEBUG /D _WINDOWS /D WIN32_LEAN_AND_MEAN /D VC_EXTRA_LEAN /D WIN32_EXTRA_LEAN /D _VC80_UPGRADE=0x0600 /Gm- /EHsc /MD /GS /fp:precise /Zc:wchar_t /Zc:forScope /Fo".\Release/" /Fd".\Release/vc110.pdb" /Gd /TP /analyze- /errorReport:prompt ..\src\filename_absolute.cxx ..\src\filename_expand.cxx ..\src\filename_ext.cxx ..\src\filename_isdir.cxx ..\src\filename_list.cxx ..\src\filename_match.cxx ..\src\filename_setext.cxx ..\src\Fl.cxx ..\src\Fl_abort.cxx ..\src\Fl_add_idle.cxx ..\src\Fl_Adjuster.cxx ..\src\fl_arc.cxx ..\src\fl_arci.cxx ..\src\Fl_arg.cxx ..\src\fl_ask.cxx ..\src\Fl_Bitmap.cxx ..\src\Fl_Box.cxx ..\src\fl_boxtype.cxx ..\src\Fl_Browser.cxx ..\src\Fl_Browser_.cxx ..\src\Fl_Browser_load.cxx ..\src\Fl_Button.cxx ..\src\Fl_Chart.cxx ..\src\Fl_Check_Button.cxx ..\src\Fl_Choice.cxx ..\src\Fl_Clock.cxx ..\src\fl_color.cxx ..\src\Fl_Color_Chooser.cxx ..\src\Fl_compose.cxx ..\src\Fl_Counter.cxx ..\src\fl_cursor.cxx ..\src\fl_curve.cxx ..\src\Fl_cutpaste.cxx ..\src\Fl_Dial.cxx ..\src\fl_diamond_box.cxx ..\src\Fl_display.cxx ..\src\Fl_Double_Window.cxx ..\src\fl_draw.cxx ..\src\fl_draw_image.cxx ..\src\fl_draw_pixmap.cxx ..\src\fl_engraved_label.cxx ..\src\fl_file_chooser.cxx ..\src\fl_font.cxx ..\src\Fl_get_key.cxx ..\src\Fl_get_system_colors.cxx ..\src\Fl_Gl_Choice.cxx ..\src\Fl_Gl_Overlay.cxx ..\src\Fl_Gl_Window.cxx ..\src\Fl_grab.cxx ..\src\Fl_Group.cxx ..\src\Fl_Image.cxx ..\src\Fl_Input.cxx ..\src\Fl_Input_.cxx ..\src\fl_labeltype.cxx ..\src\Fl_Light_Button.cxx ..\src\fl_line_style.cxx ..\src\Fl_Menu.cxx ..\src\Fl_Menu_.cxx ..\src\Fl_Menu_add.cxx ..\src\Fl_Menu_Bar.cxx ..\src\Fl_Menu_Button.cxx ..\src\Fl_Menu_global.cxx ..\src\Fl_Menu_Window.cxx ..\src\Fl_Multi_Label.cxx ..\src\Fl_Output.cxx ..\src\fl_oval_box.cxx ..\src\fl_overlay.cxx ..\src\fl_overlay_visual.cxx ..\src\Fl_Overlay_Window.cxx ..\src\Fl_own_colormap.cxx ..\src\Fl_Pack.cxx ..\src\Fl_Pixmap.cxx ..\src\Fl_Positioner.cxx ..\src\fl_rect.cxx ..\src\Fl_Repeat_Button.cxx ..\src\Fl_Return_Button.cxx ..\src\Fl_Roller.cxx ..\src\fl_round_box.cxx ..\src\Fl_Round_Button.cxx ..\src\fl_rounded_box.cxx ..\src\Fl_Scroll.cxx ..\src\fl_scroll_area.cxx ..\src\Fl_Scrollbar.cxx ..\src\fl_set_font.cxx ..\src\fl_set_fonts.cxx ..\src\fl_shadow_box.cxx ..\src\fl_shortcut.cxx ..\src\fl_show_colormap.cxx ..\src\Fl_Single_Window.cxx ..\src\Fl_Slider.cxx ..\src\fl_symbols.cxx ..\src\Fl_Tabs.cxx ..\src\Fl_Tile.cxx ..\src\Fl_Valuator.cxx ..\src\Fl_Value_Input.cxx ..\src\Fl_Value_Output.cxx ..\src\Fl_Value_Slider.cxx ..\src\fl_vertex.cxx ..\src\Fl_visual.cxx ..\src\Fl_Widget.cxx ..\src\Fl_Window.cxx ..\src\Fl_Window_fullscreen.cxx ..\src\Fl_Window_hotspot.cxx ..\src\Fl_Window_iconize.cxx ..\src\Fl_x.cxx ..\src\forms_bitmap.cxx ..\src\forms_compatability.cxx ..\src\forms_free.cxx ..\src\forms_fselect.cxx ..\src\forms_pixmap.cxx ..\src\forms_timer.cxx ..\src\gl_draw.cxx ..\src\gl_start.cxx ..\src\glut_compatability.cxx ..\src\glut_font.cxx
         filename_absolute.cxx
         filename_expand.cxx
         filename_ext.cxx
         filename_isdir.cxx
         filename_list.cxx
         filename_match.cxx
         filename_setext.cxx
         Fl.cxx
         Fl_abort.cxx
     1>..\src\Fl_abort.cxx(62): warning C4273: 'vsnprintf' : inconsistent dll linkage
                 C:\Program Files (x86)\Microsoft Visual Studio 11.0\VC\include\stdio.h(340) : see previous definition of 'vsnprintf'
         Fl_add_idle.cxx
         Fl_Adjuster.cxx
         fl_arc.cxx
         fl_arci.cxx
         Fl_arg.cxx
         fl_ask.cxx
     1>..\src\fl_ask.cxx(86): warning C4273: 'vsnprintf' : inconsistent dll linkage
                 C:\Program Files (x86)\Microsoft Visual Studio 11.0\VC\include\stdio.h(340) : see previous definition of 'vsnprintf'
         Fl_Bitmap.cxx
         Fl_Box.cxx
         fl_boxtype.cxx
         Fl_Browser.cxx
         Fl_Browser_.cxx
         Generating Code...
         Compiling...
         Fl_Browser_load.cxx
         Fl_Button.cxx
         Fl_Chart.cxx
         Fl_Check_Button.cxx
         Fl_Choice.cxx
         Fl_Clock.cxx
         fl_color.cxx
         Fl_Color_Chooser.cxx
         Fl_compose.cxx
         Fl_Counter.cxx
         fl_cursor.cxx
         fl_curve.cxx
         Fl_cutpaste.cxx
         Fl_Dial.cxx
         fl_diamond_box.cxx
         Fl_display.cxx
         Fl_Double_Window.cxx
         fl_draw.cxx
         fl_draw_image.cxx
         fl_draw_pixmap.cxx
         Generating Code...
         Compiling...
         fl_engraved_label.cxx
         fl_file_chooser.cxx
         fl_font.cxx
         Fl_get_key.cxx
         Fl_get_system_colors.cxx
         Fl_Gl_Choice.cxx
         Fl_Gl_Overlay.cxx
         Fl_Gl_Window.cxx
         Fl_grab.cxx
         Fl_Group.cxx
         Fl_Image.cxx
         Fl_Input.cxx
         Fl_Input_.cxx
         fl_labeltype.cxx
         Fl_Light_Button.cxx
         fl_line_style.cxx
         Fl_Menu.cxx
         Fl_Menu_.cxx
         Fl_Menu_add.cxx
         Fl_Menu_Bar.cxx
         Generating Code...
         Compiling...
         Fl_Menu_Button.cxx
         Fl_Menu_global.cxx
         Fl_Menu_Window.cxx
         Fl_Multi_Label.cxx
         Fl_Output.cxx
         fl_oval_box.cxx
         fl_overlay.cxx
         fl_overlay_visual.cxx
         Fl_Overlay_Window.cxx
         Fl_own_colormap.cxx
         Fl_Pack.cxx
         Fl_Pixmap.cxx
         Fl_Positioner.cxx
         fl_rect.cxx
         Fl_Repeat_Button.cxx
         Fl_Return_Button.cxx
         Fl_Roller.cxx
         fl_round_box.cxx
         Fl_Round_Button.cxx
         fl_rounded_box.cxx
         Generating Code...
         Compiling...
         Fl_Scroll.cxx
         fl_scroll_area.cxx
         Fl_Scrollbar.cxx
         fl_set_font.cxx
         fl_set_fonts.cxx
         fl_shadow_box.cxx
         fl_shortcut.cxx
         fl_show_colormap.cxx
         Fl_Single_Window.cxx
         Fl_Slider.cxx
         fl_symbols.cxx
         Fl_Tabs.cxx
         Fl_Tile.cxx
         Fl_Valuator.cxx
         Fl_Value_Input.cxx
         Fl_Value_Output.cxx
         Fl_Value_Slider.cxx
         fl_vertex.cxx
         Fl_visual.cxx
         Fl_Widget.cxx
         Generating Code...
         Compiling...
         Fl_Window.cxx
         Fl_Window_fullscreen.cxx
         Fl_Window_hotspot.cxx
         Fl_Window_iconize.cxx
         Fl_x.cxx
         forms_bitmap.cxx
         forms_compatability.cxx
         forms_free.cxx
         forms_fselect.cxx
         forms_pixmap.cxx
         forms_timer.cxx
         gl_draw.cxx
         gl_start.cxx
         glut_compatability.cxx
         glut_font.cxx
         Generating Code...
         C:\Program Files (x86)\Microsoft Visual Studio 11.0\VC\bin\CL.exe /c /I. /I.. /Zi /nologo /W1 /WX- /Od /Ob2 /Oy- /D FL_STATIC /D WIN32 /D NDEBUG /D _WINDOWS /D WIN32_LEAN_AND_MEAN /D VC_EXTRA_LEAN /D WIN32_EXTRA_LEAN /D _VC80_UPGRADE=0x0600 /Gm- /EHsc /MD /GS /fp:precise /Zc:wchar_t /Zc:forScope /Fo".\Release/" /Fd".\Release/vc110.pdb" /Gd /TC /analyze- /errorReport:prompt ..\src\fl_call_main.c ..\src\numericsort.c ..\src\scandir.c ..\src\vsnprintf.c
         fl_call_main.c
         numericsort.c
         scandir.c
         vsnprintf.c
     1>..\src\vsnprintf.c(54): warning C4273: 'vsnprintf' : inconsistent dll linkage
                 C:\Program Files (x86)\Microsoft Visual Studio 11.0\VC\include\stdio.h(340) : see previous definition of 'vsnprintf'
         Generating Code...
     1>C:\Program Files (x86)\MSBuild\Microsoft.Cpp\v4.0\V110\Microsoft.CppBuild.targets(1299,5): warning MSB8012: TargetPath(C:\Users\Gustavo\Desktop\bcc\tamu\1semester\441\assingments\06\fltk-1.0.11\visualc\.\Release\fltk.lib) does not match the Library's OutputFile property value (C:\Users\Gustavo\Desktop\bcc\tamu\1semester\441\assingments\06\fltk-1.0.11\lib\fltk.lib). This may cause your project to build incorrectly. To correct this, please make sure that $(OutDir), $(TargetName) and $(TargetExt) property values match the value specified in %(Lib.OutputFile).
       Lib:
         C:\Program Files (x86)\Microsoft Visual Studio 11.0\VC\bin\Lib.exe /OUT:"..\lib\fltk.lib" /NOLOGO .\Release/filename_absolute.obj
         .\Release/filename_expand.obj
         .\Release/filename_ext.obj
         .\Release/filename_isdir.obj
         .\Release/filename_list.obj
         .\Release/filename_match.obj
         .\Release/filename_setext.obj
         .\Release/Fl.obj
         .\Release/Fl_abort.obj
         .\Release/Fl_add_idle.obj
         .\Release/Fl_Adjuster.obj
         .\Release/fl_arc.obj
         .\Release/fl_arci.obj
         .\Release/Fl_arg.obj
         .\Release/fl_ask.obj
         .\Release/Fl_Bitmap.obj
         .\Release/Fl_Box.obj
         .\Release/fl_boxtype.obj
         .\Release/Fl_Browser.obj
         .\Release/Fl_Browser_.obj
         .\Release/Fl_Browser_load.obj
         .\Release/Fl_Button.obj
         .\Release/fl_call_main.obj
         .\Release/Fl_Chart.obj
         .\Release/Fl_Check_Button.obj
         .\Release/Fl_Choice.obj
         .\Release/Fl_Clock.obj
         .\Release/fl_color.obj
         .\Release/Fl_Color_Chooser.obj
         .\Release/Fl_compose.obj
         .\Release/Fl_Counter.obj
         .\Release/fl_cursor.obj
         .\Release/fl_curve.obj
         .\Release/Fl_cutpaste.obj
         .\Release/Fl_Dial.obj
         .\Release/fl_diamond_box.obj
         .\Release/Fl_display.obj
         .\Release/Fl_Double_Window.obj
         .\Release/fl_draw.obj
         .\Release/fl_draw_image.obj
         .\Release/fl_draw_pixmap.obj
         .\Release/fl_engraved_label.obj
         .\Release/fl_file_chooser.obj
         .\Release/fl_font.obj
         .\Release/Fl_get_key.obj
         .\Release/Fl_get_system_colors.obj
         .\Release/Fl_Gl_Choice.obj
         .\Release/Fl_Gl_Overlay.obj
         .\Release/Fl_Gl_Window.obj
         .\Release/Fl_grab.obj
         .\Release/Fl_Group.obj
         .\Release/Fl_Image.obj
         .\Release/Fl_Input.obj
         .\Release/Fl_Input_.obj
         .\Release/fl_labeltype.obj
         .\Release/Fl_Light_Button.obj
         .\Release/fl_line_style.obj
         .\Release/Fl_Menu.obj
         .\Release/Fl_Menu_.obj
         .\Release/Fl_Menu_add.obj
         .\Release/Fl_Menu_Bar.obj
         .\Release/Fl_Menu_Button.obj
         .\Release/Fl_Menu_global.obj
         .\Release/Fl_Menu_Window.obj
         .\Release/Fl_Multi_Label.obj
         .\Release/Fl_Output.obj
         .\Release/fl_oval_box.obj
         .\Release/fl_overlay.obj
         .\Release/fl_overlay_visual.obj
         .\Release/Fl_Overlay_Window.obj
         .\Release/Fl_own_colormap.obj
         .\Release/Fl_Pack.obj
         .\Release/Fl_Pixmap.obj
         .\Release/Fl_Positioner.obj
         .\Release/fl_rect.obj
         .\Release/Fl_Repeat_Button.obj
         .\Release/Fl_Return_Button.obj
         .\Release/Fl_Roller.obj
         .\Release/fl_round_box.obj
         .\Release/Fl_Round_Button.obj
         .\Release/fl_rounded_box.obj
         .\Release/Fl_Scroll.obj
         .\Release/fl_scroll_area.obj
         .\Release/Fl_Scrollbar.obj
         .\Release/fl_set_font.obj
         .\Release/fl_set_fonts.obj
         .\Release/fl_shadow_box.obj
         .\Release/fl_shortcut.obj
         .\Release/fl_show_colormap.obj
         .\Release/Fl_Single_Window.obj
         .\Release/Fl_Slider.obj
         .\Release/fl_symbols.obj
         .\Release/Fl_Tabs.obj
         .\Release/Fl_Tile.obj
         .\Release/Fl_Valuator.obj
         .\Release/Fl_Value_Input.obj
         .\Release/Fl_Value_Output.obj
         .\Release/Fl_Value_Slider.obj
         .\Release/fl_vertex.obj
         .\Release/Fl_visual.obj
         .\Release/Fl_Widget.obj
         .\Release/Fl_Window.obj
         .\Release/Fl_Window_fullscreen.obj
         .\Release/Fl_Window_hotspot.obj
         .\Release/Fl_Window_iconize.obj
         .\Release/Fl_x.obj
         .\Release/forms_bitmap.obj
         .\Release/forms_compatability.obj
         .\Release/forms_free.obj
         .\Release/forms_fselect.obj
         .\Release/forms_pixmap.obj
         .\Release/forms_timer.obj
         .\Release/gl_draw.obj
         .\Release/gl_start.obj
         .\Release/glut_compatability.obj
         .\Release/glut_font.obj
         .\Release/numericsort.obj
         .\Release/scandir.obj
         .\Release/vsnprintf.obj
         fltk.lib.vcxproj -> C:\Users\Gustavo\Desktop\bcc\tamu\1semester\441\assingments\06\fltk-1.0.11\visualc\.\Release\fltk.lib
     1>Done Building Project "C:\Users\Gustavo\Desktop\bcc\tamu\1semester\441\assingments\06\fltk-1.0.11\visualc\fltk.lib.vcxproj" (Build target(s)).

Build succeeded.

Time Elapsed 00:00:14.38
