C:\USERS\GUSTAVO\DESKTOP\BCC\TAMU\1SEMESTER\441\ASSINGMENTS\06\VIEWER\DEBUG\VECTOR.SBR
C:\USERS\GUSTAVO\DESKTOP\BCC\TAMU\1SEMESTER\441\ASSINGMENTS\06\VIEWER\DEBUG\TRANSFORM.SBR
C:\USERS\GUSTAVO\DESKTOP\BCC\TAMU\1SEMESTER\441\ASSINGMENTS\06\VIEWER\DEBUG\SKELETON.SBR
C:\USERS\GUSTAVO\DESKTOP\BCC\TAMU\1SEMESTER\441\ASSINGMENTS\06\VIEWER\DEBUG\POSTURE.SBR
C:\USERS\GUSTAVO\DESKTOP\BCC\TAMU\1SEMESTER\441\ASSINGMENTS\06\VIEWER\DEBUG\PLAYER.SBR
C:\USERS\GUSTAVO\DESKTOP\BCC\TAMU\1SEMESTER\441\ASSINGMENTS\06\VIEWER\DEBUG\MOTION.SBR
C:\USERS\GUSTAVO\DESKTOP\BCC\TAMU\1SEMESTER\441\ASSINGMENTS\06\VIEWER\DEBUG\INTERPOLATOR.SBR
C:\USERS\GUSTAVO\DESKTOP\BCC\TAMU\1SEMESTER\441\ASSINGMENTS\06\VIEWER\DEBUG\INTERFACE.SBR
C:\USERS\GUSTAVO\DESKTOP\BCC\TAMU\1SEMESTER\441\ASSINGMENTS\06\VIEWER\DEBUG\DISPLAY.SBR
C:\USERS\GUSTAVO\DESKTOP\BCC\TAMU\1SEMESTER\441\ASSINGMENTS\06\VIEWER\DEBUG\CATMULLROM.SBR
C:\USERS\GUSTAVO\DESKTOP\BCC\TAMU\1SEMESTER\441\ASSINGMENTS\06\VIEWER\DEBUG\DISPLAY.OBJ
C:\USERS\GUSTAVO\DESKTOP\BCC\TAMU\1SEMESTER\441\ASSINGMENTS\06\VIEWER\DEBUG\INTERFACE.OBJ
C:\USERS\GUSTAVO\DESKTOP\BCC\TAMU\1SEMESTER\441\ASSINGMENTS\06\VIEWER\DEBUG\INTERPOLATOR.OBJ
C:\USERS\GUSTAVO\DESKTOP\BCC\TAMU\1SEMESTER\441\ASSINGMENTS\06\VIEWER\DEBUG\MOTION.OBJ
C:\USERS\GUSTAVO\DESKTOP\BCC\TAMU\1SEMESTER\441\ASSINGMENTS\06\VIEWER\DEBUG\POSTURE.OBJ
C:\USERS\GUSTAVO\DESKTOP\BCC\TAMU\1SEMESTER\441\ASSINGMENTS\06\VIEWER\DEBUG\SKELETON.OBJ
C:\USERS\GUSTAVO\DESKTOP\BCC\TAMU\1SEMESTER\441\ASSINGMENTS\06\VIEWER\DEBUG\TRANSFORM.OBJ
C:\USERS\GUSTAVO\DESKTOP\BCC\TAMU\1SEMESTER\441\ASSINGMENTS\06\VIEWER\DEBUG\VECTOR.OBJ
C:\USERS\GUSTAVO\DESKTOP\BCC\TAMU\1SEMESTER\441\ASSINGMENTS\06\VIEWER\DEBUG\VC110.PDB
C:\Users\Gustavo\Desktop\bcc\tamu\1semester\441\assingments\06\viewer\Debug\display.obj
C:\Users\Gustavo\Desktop\bcc\tamu\1semester\441\assingments\06\viewer\Debug\interface.obj
C:\Users\Gustavo\Desktop\bcc\tamu\1semester\441\assingments\06\viewer\Debug\interpolator.obj
C:\Users\Gustavo\Desktop\bcc\tamu\1semester\441\assingments\06\viewer\Debug\motion.obj
C:\Users\Gustavo\Desktop\bcc\tamu\1semester\441\assingments\06\viewer\Debug\posture.obj
C:\Users\Gustavo\Desktop\bcc\tamu\1semester\441\assingments\06\viewer\Debug\skeleton.obj
C:\Users\Gustavo\Desktop\bcc\tamu\1semester\441\assingments\06\viewer\Debug\transform.obj
C:\Users\Gustavo\Desktop\bcc\tamu\1semester\441\assingments\06\viewer\Debug\vector.obj
C:\Users\Gustavo\Desktop\bcc\tamu\1semester\441\assingments\06\viewer\Debug\cl.command.1.tlog
C:\Users\Gustavo\Desktop\bcc\tamu\1semester\441\assingments\06\viewer\Debug\CL.read.1.tlog
C:\Users\Gustavo\Desktop\bcc\tamu\1semester\441\assingments\06\viewer\Debug\CL.write.1.tlog
C:\Users\Gustavo\Desktop\bcc\tamu\1semester\441\assingments\06\viewer\Debug\vc110.idb
C:\Users\Gustavo\Desktop\bcc\tamu\1semester\441\assingments\06\viewer\Debug\vc110.pdb
C:\Users\Gustavo\Desktop\bcc\tamu\1semester\441\assingments\06\viewer\Debug\CatmullRom.sbr
C:\Users\Gustavo\Desktop\bcc\tamu\1semester\441\assingments\06\viewer\Debug\display.sbr
C:\Users\Gustavo\Desktop\bcc\tamu\1semester\441\assingments\06\viewer\Debug\interface.sbr
C:\Users\Gustavo\Desktop\bcc\tamu\1semester\441\assingments\06\viewer\Debug\interpolator.sbr
C:\Users\Gustavo\Desktop\bcc\tamu\1semester\441\assingments\06\viewer\Debug\motion.sbr
C:\Users\Gustavo\Desktop\bcc\tamu\1semester\441\assingments\06\viewer\Debug\player.sbr
C:\Users\Gustavo\Desktop\bcc\tamu\1semester\441\assingments\06\viewer\Debug\posture.sbr
C:\Users\Gustavo\Desktop\bcc\tamu\1semester\441\assingments\06\viewer\Debug\skeleton.sbr
C:\Users\Gustavo\Desktop\bcc\tamu\1semester\441\assingments\06\viewer\Debug\transform.sbr
C:\Users\Gustavo\Desktop\bcc\tamu\1semester\441\assingments\06\viewer\Debug\vector.sbr
