\BOOKMARK [1][-]{section.1}{The Problem}{}% 1
\BOOKMARK [2][-]{subsection.1.1}{How to Break RSA Security}{section.1}% 2
\BOOKMARK [2][-]{subsection.1.2}{Goal of this Project}{section.1}% 3
\BOOKMARK [2][-]{subsection.1.3}{Restrictions and Limitations}{section.1}% 4
\BOOKMARK [1][-]{section.2}{Solving the Problem}{}% 5
\BOOKMARK [2][-]{subsection.2.1}{Solution Evaluation}{section.2}% 6
\BOOKMARK [3][-]{subsubsection.2.1.1}{Bit Entropy}{subsection.2.1}% 7
\BOOKMARK [2][-]{subsection.2.2}{Genetic Algorithm}{section.2}% 8
\BOOKMARK [3][-]{subsubsection.2.2.1}{Population Start}{subsection.2.2}% 9
\BOOKMARK [3][-]{subsubsection.2.2.2}{Crossover}{subsection.2.2}% 10
\BOOKMARK [3][-]{subsubsection.2.2.3}{Mutation}{subsection.2.2}% 11
\BOOKMARK [3][-]{subsubsection.2.2.4}{Fitness Function}{subsection.2.2}% 12
\BOOKMARK [2][-]{subsection.2.3}{Local Beam Search}{section.2}% 13
\BOOKMARK [3][-]{subsubsection.2.3.1}{Fitness Function}{subsection.2.3}% 14
\BOOKMARK [3][-]{subsubsection.2.3.2}{Choosing Next Step}{subsection.2.3}% 15
\BOOKMARK [1][-]{section.3}{Results}{}% 16
\BOOKMARK [2][-]{subsection.3.1}{Sample Run}{section.3}% 17
\BOOKMARK [2][-]{subsection.3.2}{Analysis}{section.3}% 18
\BOOKMARK [1][-]{section.4}{Conclusion}{}% 19
\BOOKMARK [2][-]{subsection.4.1}{Lessons Learnt}{section.4}% 20
\BOOKMARK [2][-]{subsection.4.2}{Future Research}{section.4}% 21
