Build started 06/12/2015 00:15:36.
     1>Project "C:\Users\Gustavo\Desktop\bcc\tamu\1semester\441\assingments\06\fltk-1.0.11\visualc\fltk.lib.vcxproj" on node 2 (Build target(s)).
     1>ClCompile:
         C:\Program Files (x86)\Microsoft Visual Studio 11.0\VC\bin\CL.exe /c /I. /I.. /Z7 /nologo /W1 /WX- /Od /Oy- /D FL_STATIC /D WIN32 /D _DEBUG /D _WINDOWS /D WIN32_LEAN_AND_MEAN /D VC_EXTRA_LEAN /D WIN32_EXTRA_LEAN /D _VC80_UPGRADE=0x0600 /Gm- /EHsc /MDd /GS /fp:precise /Zc:wchar_t /Zc:forScope /Fo".\Debug/" /Fd".\Debug/vc110.pdb" /FR".\Debug\\" /Gd /TP /analyze- /errorReport:prompt ..\src\Fl_Button.cxx
         Fl_Button.cxx
     1>C:\Program Files (x86)\MSBuild\Microsoft.Cpp\v4.0\V110\Microsoft.CppBuild.targets(1299,5): warning MSB8012: TargetPath(C:\Users\Gustavo\Desktop\bcc\tamu\1semester\441\assingments\06\fltk-1.0.11\visualc\.\Debug\fltk.lib) does not match the Library's OutputFile property value (C:\Users\Gustavo\Desktop\bcc\tamu\1semester\441\assingments\06\fltk-1.0.11\lib\fltkd.lib). This may cause your project to build incorrectly. To correct this, please make sure that $(OutDir), $(TargetName) and $(TargetExt) property values match the value specified in %(Lib.OutputFile).
     1>C:\Program Files (x86)\MSBuild\Microsoft.Cpp\v4.0\V110\Microsoft.CppBuild.targets(1301,5): warning MSB8012: TargetName(fltk) does not match the Library's OutputFile property value (fltkd). This may cause your project to build incorrectly. To correct this, please make sure that $(OutDir), $(TargetName) and $(TargetExt) property values match the value specified in %(Lib.OutputFile).
       Lib:
         C:\Program Files (x86)\Microsoft Visual Studio 11.0\VC\bin\Lib.exe /OUT:"..\lib\fltkd.lib" /NOLOGO .\Debug/filename_absolute.obj
         .\Debug/filename_expand.obj
         .\Debug/filename_ext.obj
         .\Debug/filename_isdir.obj
         .\Debug/filename_list.obj
         .\Debug/filename_match.obj
         .\Debug/filename_setext.obj
         .\Debug/Fl.obj
         .\Debug/Fl_abort.obj
         .\Debug/Fl_add_idle.obj
         .\Debug/Fl_Adjuster.obj
         .\Debug/fl_arc.obj
         .\Debug/fl_arci.obj
         .\Debug/Fl_arg.obj
         .\Debug/fl_ask.obj
         .\Debug/Fl_Bitmap.obj
         .\Debug/Fl_Box.obj
         .\Debug/fl_boxtype.obj
         .\Debug/Fl_Browser.obj
         .\Debug/Fl_Browser_.obj
         .\Debug/Fl_Browser_load.obj
         .\Debug/Fl_Button.obj
         .\Debug/fl_call_main.obj
         .\Debug/Fl_Chart.obj
         .\Debug/Fl_Check_Button.obj
         .\Debug/Fl_Choice.obj
         .\Debug/Fl_Clock.obj
         .\Debug/fl_color.obj
         .\Debug/Fl_Color_Chooser.obj
         .\Debug/Fl_compose.obj
         .\Debug/Fl_Counter.obj
         .\Debug/fl_cursor.obj
         .\Debug/fl_curve.obj
         .\Debug/Fl_cutpaste.obj
         .\Debug/Fl_Dial.obj
         .\Debug/fl_diamond_box.obj
         .\Debug/Fl_display.obj
         .\Debug/Fl_Double_Window.obj
         .\Debug/fl_draw.obj
         .\Debug/fl_draw_image.obj
         .\Debug/fl_draw_pixmap.obj
         .\Debug/fl_engraved_label.obj
         .\Debug/fl_file_chooser.obj
         .\Debug/fl_font.obj
         .\Debug/Fl_get_key.obj
         .\Debug/Fl_get_system_colors.obj
         .\Debug/Fl_Gl_Choice.obj
         .\Debug/Fl_Gl_Overlay.obj
         .\Debug/Fl_Gl_Window.obj
         .\Debug/Fl_grab.obj
         .\Debug/Fl_Group.obj
         .\Debug/Fl_Image.obj
         .\Debug/Fl_Input.obj
         .\Debug/Fl_Input_.obj
         .\Debug/fl_labeltype.obj
         .\Debug/Fl_Light_Button.obj
         .\Debug/fl_line_style.obj
         .\Debug/Fl_Menu.obj
         .\Debug/Fl_Menu_.obj
         .\Debug/Fl_Menu_add.obj
         .\Debug/Fl_Menu_Bar.obj
         .\Debug/Fl_Menu_Button.obj
         .\Debug/Fl_Menu_global.obj
         .\Debug/Fl_Menu_Window.obj
         .\Debug/Fl_Multi_Label.obj
         .\Debug/Fl_Output.obj
         .\Debug/fl_oval_box.obj
         .\Debug/fl_overlay.obj
         .\Debug/fl_overlay_visual.obj
         .\Debug/Fl_Overlay_Window.obj
         .\Debug/Fl_own_colormap.obj
         .\Debug/Fl_Pack.obj
         .\Debug/Fl_Pixmap.obj
         .\Debug/Fl_Positioner.obj
         .\Debug/fl_rect.obj
         .\Debug/Fl_Repeat_Button.obj
         .\Debug/Fl_Return_Button.obj
         .\Debug/Fl_Roller.obj
         .\Debug/fl_round_box.obj
         .\Debug/Fl_Round_Button.obj
         .\Debug/fl_rounded_box.obj
         .\Debug/Fl_Scroll.obj
         .\Debug/fl_scroll_area.obj
         .\Debug/Fl_Scrollbar.obj
         .\Debug/fl_set_font.obj
         .\Debug/fl_set_fonts.obj
         .\Debug/fl_shadow_box.obj
         .\Debug/fl_shortcut.obj
         .\Debug/fl_show_colormap.obj
         .\Debug/Fl_Single_Window.obj
         .\Debug/Fl_Slider.obj
         .\Debug/fl_symbols.obj
         .\Debug/Fl_Tabs.obj
         .\Debug/Fl_Tile.obj
         .\Debug/Fl_Valuator.obj
         .\Debug/Fl_Value_Input.obj
         .\Debug/Fl_Value_Output.obj
         .\Debug/Fl_Value_Slider.obj
         .\Debug/fl_vertex.obj
         .\Debug/Fl_visual.obj
         .\Debug/Fl_Widget.obj
         .\Debug/Fl_Window.obj
         .\Debug/Fl_Window_fullscreen.obj
         .\Debug/Fl_Window_hotspot.obj
         .\Debug/Fl_Window_iconize.obj
         .\Debug/Fl_x.obj
         .\Debug/forms_bitmap.obj
         .\Debug/forms_compatability.obj
         .\Debug/forms_free.obj
         .\Debug/forms_fselect.obj
         .\Debug/forms_pixmap.obj
         .\Debug/forms_timer.obj
         .\Debug/gl_draw.obj
         .\Debug/gl_start.obj
         .\Debug/glut_compatability.obj
         .\Debug/glut_font.obj
         .\Debug/numericsort.obj
         .\Debug/scandir.obj
         .\Debug/vsnprintf.obj
         fltk.lib.vcxproj -> C:\Users\Gustavo\Desktop\bcc\tamu\1semester\441\assingments\06\fltk-1.0.11\visualc\.\Debug\fltk.lib
       BscMake:
         C:\Program Files (x86)\Microsoft Visual Studio 11.0\VC\bin\bscmake.exe /nologo /o".\Debug/fltk.lib.bsc" .\Debug\filename_absolute.sbr .\Debug\filename_expand.sbr .\Debug\filename_ext.sbr .\Debug\filename_isdir.sbr .\Debug\filename_list.sbr .\Debug\filename_match.sbr .\Debug\filename_setext.sbr .\Debug\Fl.sbr .\Debug\Fl_abort.sbr .\Debug\Fl_add_idle.sbr .\Debug\Fl_Adjuster.sbr .\Debug\fl_arc.sbr .\Debug\fl_arci.sbr .\Debug\Fl_arg.sbr .\Debug\fl_ask.sbr .\Debug\Fl_Bitmap.sbr .\Debug\Fl_Box.sbr .\Debug\fl_boxtype.sbr .\Debug\Fl_Browser.sbr .\Debug\Fl_Browser_.sbr .\Debug\Fl_Browser_load.sbr .\Debug\Fl_Button.sbr .\Debug\fl_call_main.sbr .\Debug\Fl_Chart.sbr .\Debug\Fl_Check_Button.sbr .\Debug\Fl_Choice.sbr .\Debug\Fl_Clock.sbr .\Debug\fl_color.sbr .\Debug\Fl_Color_Chooser.sbr .\Debug\Fl_compose.sbr .\Debug\Fl_Counter.sbr .\Debug\fl_cursor.sbr .\Debug\fl_curve.sbr .\Debug\Fl_cutpaste.sbr .\Debug\Fl_Dial.sbr .\Debug\fl_diamond_box.sbr .\Debug\Fl_display.sbr .\Debug\Fl_Double_Window.sbr .\Debug\fl_draw.sbr .\Debug\fl_draw_image.sbr .\Debug\fl_draw_pixmap.sbr .\Debug\fl_engraved_label.sbr .\Debug\fl_file_chooser.sbr .\Debug\fl_font.sbr .\Debug\Fl_get_key.sbr .\Debug\Fl_get_system_colors.sbr .\Debug\Fl_Gl_Choice.sbr .\Debug\Fl_Gl_Overlay.sbr .\Debug\Fl_Gl_Window.sbr .\Debug\Fl_grab.sbr .\Debug\Fl_Group.sbr .\Debug\Fl_Image.sbr .\Debug\Fl_Input.sbr .\Debug\Fl_Input_.sbr .\Debug\fl_labeltype.sbr .\Debug\Fl_Light_Button.sbr .\Debug\fl_line_style.sbr .\Debug\Fl_Menu.sbr .\Debug\Fl_Menu_.sbr .\Debug\Fl_Menu_add.sbr .\Debug\Fl_Menu_Bar.sbr .\Debug\Fl_Menu_Button.sbr .\Debug\Fl_Menu_global.sbr .\Debug\Fl_Menu_Window.sbr .\Debug\Fl_Multi_Label.sbr .\Debug\Fl_Output.sbr .\Debug\fl_oval_box.sbr .\Debug\fl_overlay.sbr .\Debug\fl_overlay_visual.sbr .\Debug\Fl_Overlay_Window.sbr .\Debug\Fl_own_colormap.sbr .\Debug\Fl_Pack.sbr .\Debug\Fl_Pixmap.sbr .\Debug\Fl_Positioner.sbr .\Debug\fl_rect.sbr .\Debug\Fl_Repeat_Button.sbr .\Debug\Fl_Return_Button.sbr .\Debug\Fl_Roller.sbr .\Debug\fl_round_box.sbr .\Debug\Fl_Round_Button.sbr .\Debug\fl_rounded_box.sbr .\Debug\Fl_Scroll.sbr .\Debug\fl_scroll_area.sbr .\Debug\Fl_Scrollbar.sbr .\Debug\fl_set_font.sbr .\Debug\fl_set_fonts.sbr .\Debug\fl_shadow_box.sbr .\Debug\fl_shortcut.sbr .\Debug\fl_show_colormap.sbr .\Debug\Fl_Single_Window.sbr .\Debug\Fl_Slider.sbr .\Debug\fl_symbols.sbr .\Debug\Fl_Tabs.sbr .\Debug\Fl_Tile.sbr .\Debug\Fl_Valuator.sbr .\Debug\Fl_Value_Input.sbr .\Debug\Fl_Value_Output.sbr .\Debug\Fl_Value_Slider.sbr .\Debug\fl_vertex.sbr .\Debug\Fl_visual.sbr .\Debug\Fl_Widget.sbr .\Debug\Fl_Window.sbr .\Debug\Fl_Window_fullscreen.sbr .\Debug\Fl_Window_hotspot.sbr .\Debug\Fl_Window_iconize.sbr .\Debug\Fl_x.sbr .\Debug\forms_bitmap.sbr .\Debug\forms_compatability.sbr .\Debug\forms_free.sbr .\Debug\forms_fselect.sbr .\Debug\forms_pixmap.sbr .\Debug\forms_timer.sbr .\Debug\gl_draw.sbr .\Debug\gl_start.sbr .\Debug\glut_compatability.sbr .\Debug\glut_font.sbr .\Debug\numericsort.sbr .\Debug\scandir.sbr .\Debug\vsnprintf.sbr
     1>Done Building Project "C:\Users\Gustavo\Desktop\bcc\tamu\1semester\441\assingments\06\fltk-1.0.11\visualc\fltk.lib.vcxproj" (Build target(s)).

Build succeeded.

Time Elapsed 00:00:00.68
