C:\USERS\GUSTAVO\DESKTOP\BCC\TAMU\1SEMESTER\441\ASSINGMENTS\06\FLTK-1.0.11\VISUALC\DEBUG\FLTK.LIB.BSC
C:\USERS\GUSTAVO\DESKTOP\BCC\TAMU\1SEMESTER\441\ASSINGMENTS\06\FLTK-1.0.11\VISUALC\DEBUG\FILENAME_ABSOLUTE.SBR
C:\USERS\GUSTAVO\DESKTOP\BCC\TAMU\1SEMESTER\441\ASSINGMENTS\06\FLTK-1.0.11\VISUALC\DEBUG\FILENAME_EXPAND.SBR
C:\USERS\GUSTAVO\DESKTOP\BCC\TAMU\1SEMESTER\441\ASSINGMENTS\06\FLTK-1.0.11\VISUALC\DEBUG\FILENAME_EXT.SBR
C:\USERS\GUSTAVO\DESKTOP\BCC\TAMU\1SEMESTER\441\ASSINGMENTS\06\FLTK-1.0.11\VISUALC\DEBUG\FILENAME_ISDIR.SBR
C:\USERS\GUSTAVO\DESKTOP\BCC\TAMU\1SEMESTER\441\ASSINGMENTS\06\FLTK-1.0.11\VISUALC\DEBUG\FILENAME_LIST.SBR
C:\USERS\GUSTAVO\DESKTOP\BCC\TAMU\1SEMESTER\441\ASSINGMENTS\06\FLTK-1.0.11\VISUALC\DEBUG\FILENAME_MATCH.SBR
C:\USERS\GUSTAVO\DESKTOP\BCC\TAMU\1SEMESTER\441\ASSINGMENTS\06\FLTK-1.0.11\VISUALC\DEBUG\FILENAME_SETEXT.SBR
C:\USERS\GUSTAVO\DESKTOP\BCC\TAMU\1SEMESTER\441\ASSINGMENTS\06\FLTK-1.0.11\VISUALC\DEBUG\FL.SBR
C:\USERS\GUSTAVO\DESKTOP\BCC\TAMU\1SEMESTER\441\ASSINGMENTS\06\FLTK-1.0.11\VISUALC\DEBUG\FL_ABORT.SBR
C:\USERS\GUSTAVO\DESKTOP\BCC\TAMU\1SEMESTER\441\ASSINGMENTS\06\FLTK-1.0.11\VISUALC\DEBUG\FL_ADD_IDLE.SBR
C:\USERS\GUSTAVO\DESKTOP\BCC\TAMU\1SEMESTER\441\ASSINGMENTS\06\FLTK-1.0.11\VISUALC\DEBUG\FL_ADJUSTER.SBR
C:\USERS\GUSTAVO\DESKTOP\BCC\TAMU\1SEMESTER\441\ASSINGMENTS\06\FLTK-1.0.11\VISUALC\DEBUG\FL_ARC.SBR
C:\USERS\GUSTAVO\DESKTOP\BCC\TAMU\1SEMESTER\441\ASSINGMENTS\06\FLTK-1.0.11\VISUALC\DEBUG\FL_ARCI.SBR
C:\USERS\GUSTAVO\DESKTOP\BCC\TAMU\1SEMESTER\441\ASSINGMENTS\06\FLTK-1.0.11\VISUALC\DEBUG\FL_ARG.SBR
C:\USERS\GUSTAVO\DESKTOP\BCC\TAMU\1SEMESTER\441\ASSINGMENTS\06\FLTK-1.0.11\VISUALC\DEBUG\FL_ASK.SBR
C:\USERS\GUSTAVO\DESKTOP\BCC\TAMU\1SEMESTER\441\ASSINGMENTS\06\FLTK-1.0.11\VISUALC\DEBUG\FL_BITMAP.SBR
C:\USERS\GUSTAVO\DESKTOP\BCC\TAMU\1SEMESTER\441\ASSINGMENTS\06\FLTK-1.0.11\VISUALC\DEBUG\FL_BOX.SBR
C:\USERS\GUSTAVO\DESKTOP\BCC\TAMU\1SEMESTER\441\ASSINGMENTS\06\FLTK-1.0.11\VISUALC\DEBUG\FL_BOXTYPE.SBR
C:\USERS\GUSTAVO\DESKTOP\BCC\TAMU\1SEMESTER\441\ASSINGMENTS\06\FLTK-1.0.11\VISUALC\DEBUG\FL_BROWSER.SBR
C:\USERS\GUSTAVO\DESKTOP\BCC\TAMU\1SEMESTER\441\ASSINGMENTS\06\FLTK-1.0.11\VISUALC\DEBUG\FL_BROWSER_.SBR
C:\USERS\GUSTAVO\DESKTOP\BCC\TAMU\1SEMESTER\441\ASSINGMENTS\06\FLTK-1.0.11\VISUALC\DEBUG\FL_BROWSER_.OBJ
C:\USERS\GUSTAVO\DESKTOP\BCC\TAMU\1SEMESTER\441\ASSINGMENTS\06\FLTK-1.0.11\VISUALC\DEBUG\FL_BROWSER.OBJ
C:\USERS\GUSTAVO\DESKTOP\BCC\TAMU\1SEMESTER\441\ASSINGMENTS\06\FLTK-1.0.11\VISUALC\DEBUG\FL_BOXTYPE.OBJ
C:\USERS\GUSTAVO\DESKTOP\BCC\TAMU\1SEMESTER\441\ASSINGMENTS\06\FLTK-1.0.11\VISUALC\DEBUG\FL_BOX.OBJ
C:\USERS\GUSTAVO\DESKTOP\BCC\TAMU\1SEMESTER\441\ASSINGMENTS\06\FLTK-1.0.11\VISUALC\DEBUG\FL_BITMAP.OBJ
C:\USERS\GUSTAVO\DESKTOP\BCC\TAMU\1SEMESTER\441\ASSINGMENTS\06\FLTK-1.0.11\VISUALC\DEBUG\FL_ASK.OBJ
C:\USERS\GUSTAVO\DESKTOP\BCC\TAMU\1SEMESTER\441\ASSINGMENTS\06\FLTK-1.0.11\VISUALC\DEBUG\FL_ARG.OBJ
C:\USERS\GUSTAVO\DESKTOP\BCC\TAMU\1SEMESTER\441\ASSINGMENTS\06\FLTK-1.0.11\VISUALC\DEBUG\FL_ARCI.OBJ
C:\USERS\GUSTAVO\DESKTOP\BCC\TAMU\1SEMESTER\441\ASSINGMENTS\06\FLTK-1.0.11\VISUALC\DEBUG\FL_ARC.OBJ
C:\USERS\GUSTAVO\DESKTOP\BCC\TAMU\1SEMESTER\441\ASSINGMENTS\06\FLTK-1.0.11\VISUALC\DEBUG\FL_ADJUSTER.OBJ
C:\USERS\GUSTAVO\DESKTOP\BCC\TAMU\1SEMESTER\441\ASSINGMENTS\06\FLTK-1.0.11\VISUALC\DEBUG\FL_ADD_IDLE.OBJ
C:\USERS\GUSTAVO\DESKTOP\BCC\TAMU\1SEMESTER\441\ASSINGMENTS\06\FLTK-1.0.11\VISUALC\DEBUG\FL_ABORT.OBJ
C:\USERS\GUSTAVO\DESKTOP\BCC\TAMU\1SEMESTER\441\ASSINGMENTS\06\FLTK-1.0.11\VISUALC\DEBUG\FL.OBJ
C:\USERS\GUSTAVO\DESKTOP\BCC\TAMU\1SEMESTER\441\ASSINGMENTS\06\FLTK-1.0.11\VISUALC\DEBUG\FILENAME_SETEXT.OBJ
C:\USERS\GUSTAVO\DESKTOP\BCC\TAMU\1SEMESTER\441\ASSINGMENTS\06\FLTK-1.0.11\VISUALC\DEBUG\FILENAME_MATCH.OBJ
C:\USERS\GUSTAVO\DESKTOP\BCC\TAMU\1SEMESTER\441\ASSINGMENTS\06\FLTK-1.0.11\VISUALC\DEBUG\FILENAME_LIST.OBJ
C:\USERS\GUSTAVO\DESKTOP\BCC\TAMU\1SEMESTER\441\ASSINGMENTS\06\FLTK-1.0.11\VISUALC\DEBUG\FILENAME_ISDIR.OBJ
C:\USERS\GUSTAVO\DESKTOP\BCC\TAMU\1SEMESTER\441\ASSINGMENTS\06\FLTK-1.0.11\VISUALC\DEBUG\FILENAME_EXT.OBJ
C:\USERS\GUSTAVO\DESKTOP\BCC\TAMU\1SEMESTER\441\ASSINGMENTS\06\FLTK-1.0.11\VISUALC\DEBUG\FILENAME_EXPAND.OBJ
C:\USERS\GUSTAVO\DESKTOP\BCC\TAMU\1SEMESTER\441\ASSINGMENTS\06\FLTK-1.0.11\VISUALC\DEBUG\FILENAME_ABSOLUTE.OBJ
C:\USERS\GUSTAVO\DESKTOP\BCC\TAMU\1SEMESTER\441\ASSINGMENTS\06\FLTK-1.0.11\VISUALC\DEBUG\FL_BROWSER_LOAD.SBR
C:\USERS\GUSTAVO\DESKTOP\BCC\TAMU\1SEMESTER\441\ASSINGMENTS\06\FLTK-1.0.11\VISUALC\DEBUG\FL_BUTTON.SBR
C:\USERS\GUSTAVO\DESKTOP\BCC\TAMU\1SEMESTER\441\ASSINGMENTS\06\FLTK-1.0.11\VISUALC\DEBUG\FL_CHART.SBR
C:\USERS\GUSTAVO\DESKTOP\BCC\TAMU\1SEMESTER\441\ASSINGMENTS\06\FLTK-1.0.11\VISUALC\DEBUG\FL_CHECK_BUTTON.SBR
C:\USERS\GUSTAVO\DESKTOP\BCC\TAMU\1SEMESTER\441\ASSINGMENTS\06\FLTK-1.0.11\VISUALC\DEBUG\FL_CHOICE.SBR
C:\USERS\GUSTAVO\DESKTOP\BCC\TAMU\1SEMESTER\441\ASSINGMENTS\06\FLTK-1.0.11\VISUALC\DEBUG\FL_CLOCK.SBR
C:\USERS\GUSTAVO\DESKTOP\BCC\TAMU\1SEMESTER\441\ASSINGMENTS\06\FLTK-1.0.11\VISUALC\DEBUG\FL_COLOR.SBR
C:\USERS\GUSTAVO\DESKTOP\BCC\TAMU\1SEMESTER\441\ASSINGMENTS\06\FLTK-1.0.11\VISUALC\DEBUG\FL_COLOR_CHOOSER.SBR
C:\USERS\GUSTAVO\DESKTOP\BCC\TAMU\1SEMESTER\441\ASSINGMENTS\06\FLTK-1.0.11\VISUALC\DEBUG\FL_COMPOSE.SBR
C:\USERS\GUSTAVO\DESKTOP\BCC\TAMU\1SEMESTER\441\ASSINGMENTS\06\FLTK-1.0.11\VISUALC\DEBUG\FL_COUNTER.SBR
C:\USERS\GUSTAVO\DESKTOP\BCC\TAMU\1SEMESTER\441\ASSINGMENTS\06\FLTK-1.0.11\VISUALC\DEBUG\FL_CURSOR.SBR
C:\USERS\GUSTAVO\DESKTOP\BCC\TAMU\1SEMESTER\441\ASSINGMENTS\06\FLTK-1.0.11\VISUALC\DEBUG\FL_CURVE.SBR
C:\USERS\GUSTAVO\DESKTOP\BCC\TAMU\1SEMESTER\441\ASSINGMENTS\06\FLTK-1.0.11\VISUALC\DEBUG\FL_CUTPASTE.SBR
C:\USERS\GUSTAVO\DESKTOP\BCC\TAMU\1SEMESTER\441\ASSINGMENTS\06\FLTK-1.0.11\VISUALC\DEBUG\FL_DIAL.SBR
C:\USERS\GUSTAVO\DESKTOP\BCC\TAMU\1SEMESTER\441\ASSINGMENTS\06\FLTK-1.0.11\VISUALC\DEBUG\FL_DIAMOND_BOX.SBR
C:\USERS\GUSTAVO\DESKTOP\BCC\TAMU\1SEMESTER\441\ASSINGMENTS\06\FLTK-1.0.11\VISUALC\DEBUG\FL_DISPLAY.SBR
C:\USERS\GUSTAVO\DESKTOP\BCC\TAMU\1SEMESTER\441\ASSINGMENTS\06\FLTK-1.0.11\VISUALC\DEBUG\FL_DOUBLE_WINDOW.SBR
C:\USERS\GUSTAVO\DESKTOP\BCC\TAMU\1SEMESTER\441\ASSINGMENTS\06\FLTK-1.0.11\VISUALC\DEBUG\FL_DRAW.SBR
C:\USERS\GUSTAVO\DESKTOP\BCC\TAMU\1SEMESTER\441\ASSINGMENTS\06\FLTK-1.0.11\VISUALC\DEBUG\FL_DRAW_IMAGE.SBR
C:\USERS\GUSTAVO\DESKTOP\BCC\TAMU\1SEMESTER\441\ASSINGMENTS\06\FLTK-1.0.11\VISUALC\DEBUG\FL_DRAW_PIXMAP.SBR
C:\USERS\GUSTAVO\DESKTOP\BCC\TAMU\1SEMESTER\441\ASSINGMENTS\06\FLTK-1.0.11\VISUALC\DEBUG\FL_DRAW_PIXMAP.OBJ
C:\USERS\GUSTAVO\DESKTOP\BCC\TAMU\1SEMESTER\441\ASSINGMENTS\06\FLTK-1.0.11\VISUALC\DEBUG\FL_DRAW_IMAGE.OBJ
C:\USERS\GUSTAVO\DESKTOP\BCC\TAMU\1SEMESTER\441\ASSINGMENTS\06\FLTK-1.0.11\VISUALC\DEBUG\FL_DRAW.OBJ
C:\USERS\GUSTAVO\DESKTOP\BCC\TAMU\1SEMESTER\441\ASSINGMENTS\06\FLTK-1.0.11\VISUALC\DEBUG\FL_DOUBLE_WINDOW.OBJ
C:\USERS\GUSTAVO\DESKTOP\BCC\TAMU\1SEMESTER\441\ASSINGMENTS\06\FLTK-1.0.11\VISUALC\DEBUG\FL_DISPLAY.OBJ
C:\USERS\GUSTAVO\DESKTOP\BCC\TAMU\1SEMESTER\441\ASSINGMENTS\06\FLTK-1.0.11\VISUALC\DEBUG\FL_DIAMOND_BOX.OBJ
C:\USERS\GUSTAVO\DESKTOP\BCC\TAMU\1SEMESTER\441\ASSINGMENTS\06\FLTK-1.0.11\VISUALC\DEBUG\FL_DIAL.OBJ
C:\USERS\GUSTAVO\DESKTOP\BCC\TAMU\1SEMESTER\441\ASSINGMENTS\06\FLTK-1.0.11\VISUALC\DEBUG\FL_CUTPASTE.OBJ
C:\USERS\GUSTAVO\DESKTOP\BCC\TAMU\1SEMESTER\441\ASSINGMENTS\06\FLTK-1.0.11\VISUALC\DEBUG\FL_CURVE.OBJ
C:\USERS\GUSTAVO\DESKTOP\BCC\TAMU\1SEMESTER\441\ASSINGMENTS\06\FLTK-1.0.11\VISUALC\DEBUG\FL_CURSOR.OBJ
C:\USERS\GUSTAVO\DESKTOP\BCC\TAMU\1SEMESTER\441\ASSINGMENTS\06\FLTK-1.0.11\VISUALC\DEBUG\FL_COUNTER.OBJ
C:\USERS\GUSTAVO\DESKTOP\BCC\TAMU\1SEMESTER\441\ASSINGMENTS\06\FLTK-1.0.11\VISUALC\DEBUG\FL_COMPOSE.OBJ
C:\USERS\GUSTAVO\DESKTOP\BCC\TAMU\1SEMESTER\441\ASSINGMENTS\06\FLTK-1.0.11\VISUALC\DEBUG\FL_COLOR_CHOOSER.OBJ
C:\USERS\GUSTAVO\DESKTOP\BCC\TAMU\1SEMESTER\441\ASSINGMENTS\06\FLTK-1.0.11\VISUALC\DEBUG\FL_COLOR.OBJ
C:\USERS\GUSTAVO\DESKTOP\BCC\TAMU\1SEMESTER\441\ASSINGMENTS\06\FLTK-1.0.11\VISUALC\DEBUG\FL_CLOCK.OBJ
C:\USERS\GUSTAVO\DESKTOP\BCC\TAMU\1SEMESTER\441\ASSINGMENTS\06\FLTK-1.0.11\VISUALC\DEBUG\FL_CHOICE.OBJ
C:\USERS\GUSTAVO\DESKTOP\BCC\TAMU\1SEMESTER\441\ASSINGMENTS\06\FLTK-1.0.11\VISUALC\DEBUG\FL_CHECK_BUTTON.OBJ
C:\USERS\GUSTAVO\DESKTOP\BCC\TAMU\1SEMESTER\441\ASSINGMENTS\06\FLTK-1.0.11\VISUALC\DEBUG\FL_CHART.OBJ
C:\USERS\GUSTAVO\DESKTOP\BCC\TAMU\1SEMESTER\441\ASSINGMENTS\06\FLTK-1.0.11\VISUALC\DEBUG\FL_BUTTON.OBJ
C:\USERS\GUSTAVO\DESKTOP\BCC\TAMU\1SEMESTER\441\ASSINGMENTS\06\FLTK-1.0.11\VISUALC\DEBUG\FL_BROWSER_LOAD.OBJ
C:\USERS\GUSTAVO\DESKTOP\BCC\TAMU\1SEMESTER\441\ASSINGMENTS\06\FLTK-1.0.11\VISUALC\DEBUG\FL_ENGRAVED_LABEL.SBR
C:\USERS\GUSTAVO\DESKTOP\BCC\TAMU\1SEMESTER\441\ASSINGMENTS\06\FLTK-1.0.11\VISUALC\DEBUG\FL_FILE_CHOOSER.SBR
C:\USERS\GUSTAVO\DESKTOP\BCC\TAMU\1SEMESTER\441\ASSINGMENTS\06\FLTK-1.0.11\VISUALC\DEBUG\FL_FONT.SBR
C:\USERS\GUSTAVO\DESKTOP\BCC\TAMU\1SEMESTER\441\ASSINGMENTS\06\FLTK-1.0.11\VISUALC\DEBUG\FL_GET_KEY.SBR
C:\USERS\GUSTAVO\DESKTOP\BCC\TAMU\1SEMESTER\441\ASSINGMENTS\06\FLTK-1.0.11\VISUALC\DEBUG\FL_GET_SYSTEM_COLORS.SBR
C:\USERS\GUSTAVO\DESKTOP\BCC\TAMU\1SEMESTER\441\ASSINGMENTS\06\FLTK-1.0.11\VISUALC\DEBUG\FL_GL_CHOICE.SBR
C:\USERS\GUSTAVO\DESKTOP\BCC\TAMU\1SEMESTER\441\ASSINGMENTS\06\FLTK-1.0.11\VISUALC\DEBUG\FL_GL_OVERLAY.SBR
C:\USERS\GUSTAVO\DESKTOP\BCC\TAMU\1SEMESTER\441\ASSINGMENTS\06\FLTK-1.0.11\VISUALC\DEBUG\FL_GL_WINDOW.SBR
C:\USERS\GUSTAVO\DESKTOP\BCC\TAMU\1SEMESTER\441\ASSINGMENTS\06\FLTK-1.0.11\VISUALC\DEBUG\FL_GRAB.SBR
C:\USERS\GUSTAVO\DESKTOP\BCC\TAMU\1SEMESTER\441\ASSINGMENTS\06\FLTK-1.0.11\VISUALC\DEBUG\FL_GROUP.SBR
C:\USERS\GUSTAVO\DESKTOP\BCC\TAMU\1SEMESTER\441\ASSINGMENTS\06\FLTK-1.0.11\VISUALC\DEBUG\FL_IMAGE.SBR
C:\USERS\GUSTAVO\DESKTOP\BCC\TAMU\1SEMESTER\441\ASSINGMENTS\06\FLTK-1.0.11\VISUALC\DEBUG\FL_INPUT.SBR
C:\USERS\GUSTAVO\DESKTOP\BCC\TAMU\1SEMESTER\441\ASSINGMENTS\06\FLTK-1.0.11\VISUALC\DEBUG\FL_INPUT_.SBR
C:\USERS\GUSTAVO\DESKTOP\BCC\TAMU\1SEMESTER\441\ASSINGMENTS\06\FLTK-1.0.11\VISUALC\DEBUG\FL_LABELTYPE.SBR
C:\USERS\GUSTAVO\DESKTOP\BCC\TAMU\1SEMESTER\441\ASSINGMENTS\06\FLTK-1.0.11\VISUALC\DEBUG\FL_LIGHT_BUTTON.SBR
C:\USERS\GUSTAVO\DESKTOP\BCC\TAMU\1SEMESTER\441\ASSINGMENTS\06\FLTK-1.0.11\VISUALC\DEBUG\FL_LINE_STYLE.SBR
C:\USERS\GUSTAVO\DESKTOP\BCC\TAMU\1SEMESTER\441\ASSINGMENTS\06\FLTK-1.0.11\VISUALC\DEBUG\FL_MENU.SBR
C:\USERS\GUSTAVO\DESKTOP\BCC\TAMU\1SEMESTER\441\ASSINGMENTS\06\FLTK-1.0.11\VISUALC\DEBUG\FL_MENU_.SBR
C:\USERS\GUSTAVO\DESKTOP\BCC\TAMU\1SEMESTER\441\ASSINGMENTS\06\FLTK-1.0.11\VISUALC\DEBUG\FL_MENU_ADD.SBR
C:\USERS\GUSTAVO\DESKTOP\BCC\TAMU\1SEMESTER\441\ASSINGMENTS\06\FLTK-1.0.11\VISUALC\DEBUG\FL_MENU_BAR.SBR
C:\USERS\GUSTAVO\DESKTOP\BCC\TAMU\1SEMESTER\441\ASSINGMENTS\06\FLTK-1.0.11\VISUALC\DEBUG\FL_MENU_BAR.OBJ
C:\USERS\GUSTAVO\DESKTOP\BCC\TAMU\1SEMESTER\441\ASSINGMENTS\06\FLTK-1.0.11\VISUALC\DEBUG\FL_MENU_ADD.OBJ
C:\USERS\GUSTAVO\DESKTOP\BCC\TAMU\1SEMESTER\441\ASSINGMENTS\06\FLTK-1.0.11\VISUALC\DEBUG\FL_MENU_.OBJ
C:\USERS\GUSTAVO\DESKTOP\BCC\TAMU\1SEMESTER\441\ASSINGMENTS\06\FLTK-1.0.11\VISUALC\DEBUG\FL_MENU.OBJ
C:\USERS\GUSTAVO\DESKTOP\BCC\TAMU\1SEMESTER\441\ASSINGMENTS\06\FLTK-1.0.11\VISUALC\DEBUG\FL_LINE_STYLE.OBJ
C:\USERS\GUSTAVO\DESKTOP\BCC\TAMU\1SEMESTER\441\ASSINGMENTS\06\FLTK-1.0.11\VISUALC\DEBUG\FL_LIGHT_BUTTON.OBJ
C:\USERS\GUSTAVO\DESKTOP\BCC\TAMU\1SEMESTER\441\ASSINGMENTS\06\FLTK-1.0.11\VISUALC\DEBUG\FL_LABELTYPE.OBJ
C:\USERS\GUSTAVO\DESKTOP\BCC\TAMU\1SEMESTER\441\ASSINGMENTS\06\FLTK-1.0.11\VISUALC\DEBUG\FL_INPUT_.OBJ
C:\USERS\GUSTAVO\DESKTOP\BCC\TAMU\1SEMESTER\441\ASSINGMENTS\06\FLTK-1.0.11\VISUALC\DEBUG\FL_INPUT.OBJ
C:\USERS\GUSTAVO\DESKTOP\BCC\TAMU\1SEMESTER\441\ASSINGMENTS\06\FLTK-1.0.11\VISUALC\DEBUG\FL_IMAGE.OBJ
C:\USERS\GUSTAVO\DESKTOP\BCC\TAMU\1SEMESTER\441\ASSINGMENTS\06\FLTK-1.0.11\VISUALC\DEBUG\FL_GROUP.OBJ
C:\USERS\GUSTAVO\DESKTOP\BCC\TAMU\1SEMESTER\441\ASSINGMENTS\06\FLTK-1.0.11\VISUALC\DEBUG\FL_GRAB.OBJ
C:\USERS\GUSTAVO\DESKTOP\BCC\TAMU\1SEMESTER\441\ASSINGMENTS\06\FLTK-1.0.11\VISUALC\DEBUG\FL_GL_WINDOW.OBJ
C:\USERS\GUSTAVO\DESKTOP\BCC\TAMU\1SEMESTER\441\ASSINGMENTS\06\FLTK-1.0.11\VISUALC\DEBUG\FL_GL_OVERLAY.OBJ
C:\USERS\GUSTAVO\DESKTOP\BCC\TAMU\1SEMESTER\441\ASSINGMENTS\06\FLTK-1.0.11\VISUALC\DEBUG\FL_GL_CHOICE.OBJ
C:\USERS\GUSTAVO\DESKTOP\BCC\TAMU\1SEMESTER\441\ASSINGMENTS\06\FLTK-1.0.11\VISUALC\DEBUG\FL_GET_SYSTEM_COLORS.OBJ
C:\USERS\GUSTAVO\DESKTOP\BCC\TAMU\1SEMESTER\441\ASSINGMENTS\06\FLTK-1.0.11\VISUALC\DEBUG\FL_GET_KEY.OBJ
C:\USERS\GUSTAVO\DESKTOP\BCC\TAMU\1SEMESTER\441\ASSINGMENTS\06\FLTK-1.0.11\VISUALC\DEBUG\FL_FONT.OBJ
C:\USERS\GUSTAVO\DESKTOP\BCC\TAMU\1SEMESTER\441\ASSINGMENTS\06\FLTK-1.0.11\VISUALC\DEBUG\FL_FILE_CHOOSER.OBJ
C:\USERS\GUSTAVO\DESKTOP\BCC\TAMU\1SEMESTER\441\ASSINGMENTS\06\FLTK-1.0.11\VISUALC\DEBUG\FL_ENGRAVED_LABEL.OBJ
C:\USERS\GUSTAVO\DESKTOP\BCC\TAMU\1SEMESTER\441\ASSINGMENTS\06\FLTK-1.0.11\VISUALC\DEBUG\FL_MENU_BUTTON.SBR
C:\USERS\GUSTAVO\DESKTOP\BCC\TAMU\1SEMESTER\441\ASSINGMENTS\06\FLTK-1.0.11\VISUALC\DEBUG\FL_MENU_GLOBAL.SBR
C:\USERS\GUSTAVO\DESKTOP\BCC\TAMU\1SEMESTER\441\ASSINGMENTS\06\FLTK-1.0.11\VISUALC\DEBUG\FL_MENU_WINDOW.SBR
C:\USERS\GUSTAVO\DESKTOP\BCC\TAMU\1SEMESTER\441\ASSINGMENTS\06\FLTK-1.0.11\VISUALC\DEBUG\FL_MULTI_LABEL.SBR
C:\USERS\GUSTAVO\DESKTOP\BCC\TAMU\1SEMESTER\441\ASSINGMENTS\06\FLTK-1.0.11\VISUALC\DEBUG\FL_OUTPUT.SBR
C:\USERS\GUSTAVO\DESKTOP\BCC\TAMU\1SEMESTER\441\ASSINGMENTS\06\FLTK-1.0.11\VISUALC\DEBUG\FL_OVAL_BOX.SBR
C:\USERS\GUSTAVO\DESKTOP\BCC\TAMU\1SEMESTER\441\ASSINGMENTS\06\FLTK-1.0.11\VISUALC\DEBUG\FL_OVERLAY.SBR
C:\USERS\GUSTAVO\DESKTOP\BCC\TAMU\1SEMESTER\441\ASSINGMENTS\06\FLTK-1.0.11\VISUALC\DEBUG\FL_OVERLAY_VISUAL.SBR
C:\USERS\GUSTAVO\DESKTOP\BCC\TAMU\1SEMESTER\441\ASSINGMENTS\06\FLTK-1.0.11\VISUALC\DEBUG\FL_OVERLAY_WINDOW.SBR
C:\USERS\GUSTAVO\DESKTOP\BCC\TAMU\1SEMESTER\441\ASSINGMENTS\06\FLTK-1.0.11\VISUALC\DEBUG\FL_OWN_COLORMAP.SBR
C:\USERS\GUSTAVO\DESKTOP\BCC\TAMU\1SEMESTER\441\ASSINGMENTS\06\FLTK-1.0.11\VISUALC\DEBUG\FL_PACK.SBR
C:\USERS\GUSTAVO\DESKTOP\BCC\TAMU\1SEMESTER\441\ASSINGMENTS\06\FLTK-1.0.11\VISUALC\DEBUG\FL_PIXMAP.SBR
C:\USERS\GUSTAVO\DESKTOP\BCC\TAMU\1SEMESTER\441\ASSINGMENTS\06\FLTK-1.0.11\VISUALC\DEBUG\FL_POSITIONER.SBR
C:\USERS\GUSTAVO\DESKTOP\BCC\TAMU\1SEMESTER\441\ASSINGMENTS\06\FLTK-1.0.11\VISUALC\DEBUG\FL_RECT.SBR
C:\USERS\GUSTAVO\DESKTOP\BCC\TAMU\1SEMESTER\441\ASSINGMENTS\06\FLTK-1.0.11\VISUALC\DEBUG\FL_REPEAT_BUTTON.SBR
C:\USERS\GUSTAVO\DESKTOP\BCC\TAMU\1SEMESTER\441\ASSINGMENTS\06\FLTK-1.0.11\VISUALC\DEBUG\FL_RETURN_BUTTON.SBR
C:\USERS\GUSTAVO\DESKTOP\BCC\TAMU\1SEMESTER\441\ASSINGMENTS\06\FLTK-1.0.11\VISUALC\DEBUG\FL_ROLLER.SBR
C:\USERS\GUSTAVO\DESKTOP\BCC\TAMU\1SEMESTER\441\ASSINGMENTS\06\FLTK-1.0.11\VISUALC\DEBUG\FL_ROUND_BOX.SBR
C:\USERS\GUSTAVO\DESKTOP\BCC\TAMU\1SEMESTER\441\ASSINGMENTS\06\FLTK-1.0.11\VISUALC\DEBUG\FL_ROUND_BUTTON.SBR
C:\USERS\GUSTAVO\DESKTOP\BCC\TAMU\1SEMESTER\441\ASSINGMENTS\06\FLTK-1.0.11\VISUALC\DEBUG\FL_ROUNDED_BOX.SBR
C:\USERS\GUSTAVO\DESKTOP\BCC\TAMU\1SEMESTER\441\ASSINGMENTS\06\FLTK-1.0.11\VISUALC\DEBUG\FL_ROUNDED_BOX.OBJ
C:\USERS\GUSTAVO\DESKTOP\BCC\TAMU\1SEMESTER\441\ASSINGMENTS\06\FLTK-1.0.11\VISUALC\DEBUG\FL_ROUND_BUTTON.OBJ
C:\USERS\GUSTAVO\DESKTOP\BCC\TAMU\1SEMESTER\441\ASSINGMENTS\06\FLTK-1.0.11\VISUALC\DEBUG\FL_ROUND_BOX.OBJ
C:\USERS\GUSTAVO\DESKTOP\BCC\TAMU\1SEMESTER\441\ASSINGMENTS\06\FLTK-1.0.11\VISUALC\DEBUG\FL_ROLLER.OBJ
C:\USERS\GUSTAVO\DESKTOP\BCC\TAMU\1SEMESTER\441\ASSINGMENTS\06\FLTK-1.0.11\VISUALC\DEBUG\FL_RETURN_BUTTON.OBJ
C:\USERS\GUSTAVO\DESKTOP\BCC\TAMU\1SEMESTER\441\ASSINGMENTS\06\FLTK-1.0.11\VISUALC\DEBUG\FL_REPEAT_BUTTON.OBJ
C:\USERS\GUSTAVO\DESKTOP\BCC\TAMU\1SEMESTER\441\ASSINGMENTS\06\FLTK-1.0.11\VISUALC\DEBUG\FL_RECT.OBJ
C:\USERS\GUSTAVO\DESKTOP\BCC\TAMU\1SEMESTER\441\ASSINGMENTS\06\FLTK-1.0.11\VISUALC\DEBUG\FL_POSITIONER.OBJ
C:\USERS\GUSTAVO\DESKTOP\BCC\TAMU\1SEMESTER\441\ASSINGMENTS\06\FLTK-1.0.11\VISUALC\DEBUG\FL_PIXMAP.OBJ
C:\USERS\GUSTAVO\DESKTOP\BCC\TAMU\1SEMESTER\441\ASSINGMENTS\06\FLTK-1.0.11\VISUALC\DEBUG\FL_PACK.OBJ
C:\USERS\GUSTAVO\DESKTOP\BCC\TAMU\1SEMESTER\441\ASSINGMENTS\06\FLTK-1.0.11\VISUALC\DEBUG\FL_OWN_COLORMAP.OBJ
C:\USERS\GUSTAVO\DESKTOP\BCC\TAMU\1SEMESTER\441\ASSINGMENTS\06\FLTK-1.0.11\VISUALC\DEBUG\FL_OVERLAY_WINDOW.OBJ
C:\USERS\GUSTAVO\DESKTOP\BCC\TAMU\1SEMESTER\441\ASSINGMENTS\06\FLTK-1.0.11\VISUALC\DEBUG\FL_OVERLAY_VISUAL.OBJ
C:\USERS\GUSTAVO\DESKTOP\BCC\TAMU\1SEMESTER\441\ASSINGMENTS\06\FLTK-1.0.11\VISUALC\DEBUG\FL_OVERLAY.OBJ
C:\USERS\GUSTAVO\DESKTOP\BCC\TAMU\1SEMESTER\441\ASSINGMENTS\06\FLTK-1.0.11\VISUALC\DEBUG\FL_OVAL_BOX.OBJ
C:\USERS\GUSTAVO\DESKTOP\BCC\TAMU\1SEMESTER\441\ASSINGMENTS\06\FLTK-1.0.11\VISUALC\DEBUG\FL_OUTPUT.OBJ
C:\USERS\GUSTAVO\DESKTOP\BCC\TAMU\1SEMESTER\441\ASSINGMENTS\06\FLTK-1.0.11\VISUALC\DEBUG\FL_MULTI_LABEL.OBJ
C:\USERS\GUSTAVO\DESKTOP\BCC\TAMU\1SEMESTER\441\ASSINGMENTS\06\FLTK-1.0.11\VISUALC\DEBUG\FL_MENU_WINDOW.OBJ
C:\USERS\GUSTAVO\DESKTOP\BCC\TAMU\1SEMESTER\441\ASSINGMENTS\06\FLTK-1.0.11\VISUALC\DEBUG\FL_MENU_GLOBAL.OBJ
C:\USERS\GUSTAVO\DESKTOP\BCC\TAMU\1SEMESTER\441\ASSINGMENTS\06\FLTK-1.0.11\VISUALC\DEBUG\FL_MENU_BUTTON.OBJ
C:\USERS\GUSTAVO\DESKTOP\BCC\TAMU\1SEMESTER\441\ASSINGMENTS\06\FLTK-1.0.11\VISUALC\DEBUG\FL_SCROLL.SBR
C:\USERS\GUSTAVO\DESKTOP\BCC\TAMU\1SEMESTER\441\ASSINGMENTS\06\FLTK-1.0.11\VISUALC\DEBUG\FL_SCROLL_AREA.SBR
C:\USERS\GUSTAVO\DESKTOP\BCC\TAMU\1SEMESTER\441\ASSINGMENTS\06\FLTK-1.0.11\VISUALC\DEBUG\FL_SCROLLBAR.SBR
C:\USERS\GUSTAVO\DESKTOP\BCC\TAMU\1SEMESTER\441\ASSINGMENTS\06\FLTK-1.0.11\VISUALC\DEBUG\FL_SET_FONT.SBR
C:\USERS\GUSTAVO\DESKTOP\BCC\TAMU\1SEMESTER\441\ASSINGMENTS\06\FLTK-1.0.11\VISUALC\DEBUG\FL_SET_FONTS.SBR
C:\USERS\GUSTAVO\DESKTOP\BCC\TAMU\1SEMESTER\441\ASSINGMENTS\06\FLTK-1.0.11\VISUALC\DEBUG\FL_SHADOW_BOX.SBR
C:\USERS\GUSTAVO\DESKTOP\BCC\TAMU\1SEMESTER\441\ASSINGMENTS\06\FLTK-1.0.11\VISUALC\DEBUG\FL_SHORTCUT.SBR
C:\USERS\GUSTAVO\DESKTOP\BCC\TAMU\1SEMESTER\441\ASSINGMENTS\06\FLTK-1.0.11\VISUALC\DEBUG\FL_SHOW_COLORMAP.SBR
C:\USERS\GUSTAVO\DESKTOP\BCC\TAMU\1SEMESTER\441\ASSINGMENTS\06\FLTK-1.0.11\VISUALC\DEBUG\FL_SINGLE_WINDOW.SBR
C:\USERS\GUSTAVO\DESKTOP\BCC\TAMU\1SEMESTER\441\ASSINGMENTS\06\FLTK-1.0.11\VISUALC\DEBUG\FL_SLIDER.SBR
C:\USERS\GUSTAVO\DESKTOP\BCC\TAMU\1SEMESTER\441\ASSINGMENTS\06\FLTK-1.0.11\VISUALC\DEBUG\FL_SYMBOLS.SBR
C:\USERS\GUSTAVO\DESKTOP\BCC\TAMU\1SEMESTER\441\ASSINGMENTS\06\FLTK-1.0.11\VISUALC\DEBUG\FL_TABS.SBR
C:\USERS\GUSTAVO\DESKTOP\BCC\TAMU\1SEMESTER\441\ASSINGMENTS\06\FLTK-1.0.11\VISUALC\DEBUG\FL_TILE.SBR
C:\USERS\GUSTAVO\DESKTOP\BCC\TAMU\1SEMESTER\441\ASSINGMENTS\06\FLTK-1.0.11\VISUALC\DEBUG\FL_VALUATOR.SBR
C:\USERS\GUSTAVO\DESKTOP\BCC\TAMU\1SEMESTER\441\ASSINGMENTS\06\FLTK-1.0.11\VISUALC\DEBUG\FL_VALUE_INPUT.SBR
C:\USERS\GUSTAVO\DESKTOP\BCC\TAMU\1SEMESTER\441\ASSINGMENTS\06\FLTK-1.0.11\VISUALC\DEBUG\FL_VALUE_OUTPUT.SBR
C:\USERS\GUSTAVO\DESKTOP\BCC\TAMU\1SEMESTER\441\ASSINGMENTS\06\FLTK-1.0.11\VISUALC\DEBUG\FL_VALUE_SLIDER.SBR
C:\USERS\GUSTAVO\DESKTOP\BCC\TAMU\1SEMESTER\441\ASSINGMENTS\06\FLTK-1.0.11\VISUALC\DEBUG\FL_VERTEX.SBR
C:\USERS\GUSTAVO\DESKTOP\BCC\TAMU\1SEMESTER\441\ASSINGMENTS\06\FLTK-1.0.11\VISUALC\DEBUG\FL_VISUAL.SBR
C:\USERS\GUSTAVO\DESKTOP\BCC\TAMU\1SEMESTER\441\ASSINGMENTS\06\FLTK-1.0.11\VISUALC\DEBUG\FL_WIDGET.SBR
C:\USERS\GUSTAVO\DESKTOP\BCC\TAMU\1SEMESTER\441\ASSINGMENTS\06\FLTK-1.0.11\VISUALC\DEBUG\FL_WIDGET.OBJ
C:\USERS\GUSTAVO\DESKTOP\BCC\TAMU\1SEMESTER\441\ASSINGMENTS\06\FLTK-1.0.11\VISUALC\DEBUG\FL_VISUAL.OBJ
C:\USERS\GUSTAVO\DESKTOP\BCC\TAMU\1SEMESTER\441\ASSINGMENTS\06\FLTK-1.0.11\VISUALC\DEBUG\FL_VERTEX.OBJ
C:\USERS\GUSTAVO\DESKTOP\BCC\TAMU\1SEMESTER\441\ASSINGMENTS\06\FLTK-1.0.11\VISUALC\DEBUG\FL_VALUE_SLIDER.OBJ
C:\USERS\GUSTAVO\DESKTOP\BCC\TAMU\1SEMESTER\441\ASSINGMENTS\06\FLTK-1.0.11\VISUALC\DEBUG\FL_VALUE_OUTPUT.OBJ
C:\USERS\GUSTAVO\DESKTOP\BCC\TAMU\1SEMESTER\441\ASSINGMENTS\06\FLTK-1.0.11\VISUALC\DEBUG\FL_VALUE_INPUT.OBJ
C:\USERS\GUSTAVO\DESKTOP\BCC\TAMU\1SEMESTER\441\ASSINGMENTS\06\FLTK-1.0.11\VISUALC\DEBUG\FL_VALUATOR.OBJ
C:\USERS\GUSTAVO\DESKTOP\BCC\TAMU\1SEMESTER\441\ASSINGMENTS\06\FLTK-1.0.11\VISUALC\DEBUG\FL_TILE.OBJ
C:\USERS\GUSTAVO\DESKTOP\BCC\TAMU\1SEMESTER\441\ASSINGMENTS\06\FLTK-1.0.11\VISUALC\DEBUG\FL_TABS.OBJ
C:\USERS\GUSTAVO\DESKTOP\BCC\TAMU\1SEMESTER\441\ASSINGMENTS\06\FLTK-1.0.11\VISUALC\DEBUG\FL_SYMBOLS.OBJ
C:\USERS\GUSTAVO\DESKTOP\BCC\TAMU\1SEMESTER\441\ASSINGMENTS\06\FLTK-1.0.11\VISUALC\DEBUG\FL_SLIDER.OBJ
C:\USERS\GUSTAVO\DESKTOP\BCC\TAMU\1SEMESTER\441\ASSINGMENTS\06\FLTK-1.0.11\VISUALC\DEBUG\FL_SINGLE_WINDOW.OBJ
C:\USERS\GUSTAVO\DESKTOP\BCC\TAMU\1SEMESTER\441\ASSINGMENTS\06\FLTK-1.0.11\VISUALC\DEBUG\FL_SHOW_COLORMAP.OBJ
C:\USERS\GUSTAVO\DESKTOP\BCC\TAMU\1SEMESTER\441\ASSINGMENTS\06\FLTK-1.0.11\VISUALC\DEBUG\FL_SHORTCUT.OBJ
C:\USERS\GUSTAVO\DESKTOP\BCC\TAMU\1SEMESTER\441\ASSINGMENTS\06\FLTK-1.0.11\VISUALC\DEBUG\FL_SHADOW_BOX.OBJ
C:\USERS\GUSTAVO\DESKTOP\BCC\TAMU\1SEMESTER\441\ASSINGMENTS\06\FLTK-1.0.11\VISUALC\DEBUG\FL_SET_FONTS.OBJ
C:\USERS\GUSTAVO\DESKTOP\BCC\TAMU\1SEMESTER\441\ASSINGMENTS\06\FLTK-1.0.11\VISUALC\DEBUG\FL_SET_FONT.OBJ
C:\USERS\GUSTAVO\DESKTOP\BCC\TAMU\1SEMESTER\441\ASSINGMENTS\06\FLTK-1.0.11\VISUALC\DEBUG\FL_SCROLLBAR.OBJ
C:\USERS\GUSTAVO\DESKTOP\BCC\TAMU\1SEMESTER\441\ASSINGMENTS\06\FLTK-1.0.11\VISUALC\DEBUG\FL_SCROLL_AREA.OBJ
C:\USERS\GUSTAVO\DESKTOP\BCC\TAMU\1SEMESTER\441\ASSINGMENTS\06\FLTK-1.0.11\VISUALC\DEBUG\FL_SCROLL.OBJ
C:\USERS\GUSTAVO\DESKTOP\BCC\TAMU\1SEMESTER\441\ASSINGMENTS\06\FLTK-1.0.11\VISUALC\DEBUG\FL_WINDOW.SBR
C:\USERS\GUSTAVO\DESKTOP\BCC\TAMU\1SEMESTER\441\ASSINGMENTS\06\FLTK-1.0.11\VISUALC\DEBUG\FL_WINDOW_FULLSCREEN.SBR
C:\USERS\GUSTAVO\DESKTOP\BCC\TAMU\1SEMESTER\441\ASSINGMENTS\06\FLTK-1.0.11\VISUALC\DEBUG\FL_WINDOW_HOTSPOT.SBR
C:\USERS\GUSTAVO\DESKTOP\BCC\TAMU\1SEMESTER\441\ASSINGMENTS\06\FLTK-1.0.11\VISUALC\DEBUG\FL_WINDOW_ICONIZE.SBR
C:\USERS\GUSTAVO\DESKTOP\BCC\TAMU\1SEMESTER\441\ASSINGMENTS\06\FLTK-1.0.11\VISUALC\DEBUG\FL_X.SBR
C:\USERS\GUSTAVO\DESKTOP\BCC\TAMU\1SEMESTER\441\ASSINGMENTS\06\FLTK-1.0.11\VISUALC\DEBUG\FORMS_BITMAP.SBR
C:\USERS\GUSTAVO\DESKTOP\BCC\TAMU\1SEMESTER\441\ASSINGMENTS\06\FLTK-1.0.11\VISUALC\DEBUG\FORMS_COMPATABILITY.SBR
C:\USERS\GUSTAVO\DESKTOP\BCC\TAMU\1SEMESTER\441\ASSINGMENTS\06\FLTK-1.0.11\VISUALC\DEBUG\FORMS_FREE.SBR
C:\USERS\GUSTAVO\DESKTOP\BCC\TAMU\1SEMESTER\441\ASSINGMENTS\06\FLTK-1.0.11\VISUALC\DEBUG\FORMS_FSELECT.SBR
C:\USERS\GUSTAVO\DESKTOP\BCC\TAMU\1SEMESTER\441\ASSINGMENTS\06\FLTK-1.0.11\VISUALC\DEBUG\FORMS_PIXMAP.SBR
C:\USERS\GUSTAVO\DESKTOP\BCC\TAMU\1SEMESTER\441\ASSINGMENTS\06\FLTK-1.0.11\VISUALC\DEBUG\FORMS_TIMER.SBR
C:\USERS\GUSTAVO\DESKTOP\BCC\TAMU\1SEMESTER\441\ASSINGMENTS\06\FLTK-1.0.11\VISUALC\DEBUG\GL_DRAW.SBR
C:\USERS\GUSTAVO\DESKTOP\BCC\TAMU\1SEMESTER\441\ASSINGMENTS\06\FLTK-1.0.11\VISUALC\DEBUG\GL_START.SBR
C:\USERS\GUSTAVO\DESKTOP\BCC\TAMU\1SEMESTER\441\ASSINGMENTS\06\FLTK-1.0.11\VISUALC\DEBUG\GLUT_COMPATABILITY.SBR
C:\USERS\GUSTAVO\DESKTOP\BCC\TAMU\1SEMESTER\441\ASSINGMENTS\06\FLTK-1.0.11\VISUALC\DEBUG\GLUT_FONT.SBR
C:\USERS\GUSTAVO\DESKTOP\BCC\TAMU\1SEMESTER\441\ASSINGMENTS\06\FLTK-1.0.11\VISUALC\DEBUG\GLUT_FONT.OBJ
C:\USERS\GUSTAVO\DESKTOP\BCC\TAMU\1SEMESTER\441\ASSINGMENTS\06\FLTK-1.0.11\VISUALC\DEBUG\GLUT_COMPATABILITY.OBJ
C:\USERS\GUSTAVO\DESKTOP\BCC\TAMU\1SEMESTER\441\ASSINGMENTS\06\FLTK-1.0.11\VISUALC\DEBUG\GL_START.OBJ
C:\USERS\GUSTAVO\DESKTOP\BCC\TAMU\1SEMESTER\441\ASSINGMENTS\06\FLTK-1.0.11\VISUALC\DEBUG\GL_DRAW.OBJ
C:\USERS\GUSTAVO\DESKTOP\BCC\TAMU\1SEMESTER\441\ASSINGMENTS\06\FLTK-1.0.11\VISUALC\DEBUG\FORMS_TIMER.OBJ
C:\USERS\GUSTAVO\DESKTOP\BCC\TAMU\1SEMESTER\441\ASSINGMENTS\06\FLTK-1.0.11\VISUALC\DEBUG\FORMS_PIXMAP.OBJ
C:\USERS\GUSTAVO\DESKTOP\BCC\TAMU\1SEMESTER\441\ASSINGMENTS\06\FLTK-1.0.11\VISUALC\DEBUG\FORMS_FSELECT.OBJ
C:\USERS\GUSTAVO\DESKTOP\BCC\TAMU\1SEMESTER\441\ASSINGMENTS\06\FLTK-1.0.11\VISUALC\DEBUG\FORMS_FREE.OBJ
C:\USERS\GUSTAVO\DESKTOP\BCC\TAMU\1SEMESTER\441\ASSINGMENTS\06\FLTK-1.0.11\VISUALC\DEBUG\FORMS_COMPATABILITY.OBJ
C:\USERS\GUSTAVO\DESKTOP\BCC\TAMU\1SEMESTER\441\ASSINGMENTS\06\FLTK-1.0.11\VISUALC\DEBUG\FORMS_BITMAP.OBJ
C:\USERS\GUSTAVO\DESKTOP\BCC\TAMU\1SEMESTER\441\ASSINGMENTS\06\FLTK-1.0.11\VISUALC\DEBUG\FL_X.OBJ
C:\USERS\GUSTAVO\DESKTOP\BCC\TAMU\1SEMESTER\441\ASSINGMENTS\06\FLTK-1.0.11\VISUALC\DEBUG\FL_WINDOW_ICONIZE.OBJ
C:\USERS\GUSTAVO\DESKTOP\BCC\TAMU\1SEMESTER\441\ASSINGMENTS\06\FLTK-1.0.11\VISUALC\DEBUG\FL_WINDOW_HOTSPOT.OBJ
C:\USERS\GUSTAVO\DESKTOP\BCC\TAMU\1SEMESTER\441\ASSINGMENTS\06\FLTK-1.0.11\VISUALC\DEBUG\FL_WINDOW_FULLSCREEN.OBJ
C:\USERS\GUSTAVO\DESKTOP\BCC\TAMU\1SEMESTER\441\ASSINGMENTS\06\FLTK-1.0.11\VISUALC\DEBUG\FL_WINDOW.OBJ
C:\USERS\GUSTAVO\DESKTOP\BCC\TAMU\1SEMESTER\441\ASSINGMENTS\06\FLTK-1.0.11\VISUALC\DEBUG\FL_CALL_MAIN.SBR
C:\USERS\GUSTAVO\DESKTOP\BCC\TAMU\1SEMESTER\441\ASSINGMENTS\06\FLTK-1.0.11\VISUALC\DEBUG\NUMERICSORT.SBR
C:\USERS\GUSTAVO\DESKTOP\BCC\TAMU\1SEMESTER\441\ASSINGMENTS\06\FLTK-1.0.11\VISUALC\DEBUG\SCANDIR.SBR
C:\USERS\GUSTAVO\DESKTOP\BCC\TAMU\1SEMESTER\441\ASSINGMENTS\06\FLTK-1.0.11\VISUALC\DEBUG\VSNPRINTF.SBR
C:\USERS\GUSTAVO\DESKTOP\BCC\TAMU\1SEMESTER\441\ASSINGMENTS\06\FLTK-1.0.11\VISUALC\DEBUG\VSNPRINTF.OBJ
C:\USERS\GUSTAVO\DESKTOP\BCC\TAMU\1SEMESTER\441\ASSINGMENTS\06\FLTK-1.0.11\VISUALC\DEBUG\SCANDIR.OBJ
C:\USERS\GUSTAVO\DESKTOP\BCC\TAMU\1SEMESTER\441\ASSINGMENTS\06\FLTK-1.0.11\VISUALC\DEBUG\NUMERICSORT.OBJ
C:\USERS\GUSTAVO\DESKTOP\BCC\TAMU\1SEMESTER\441\ASSINGMENTS\06\FLTK-1.0.11\VISUALC\DEBUG\FL_CALL_MAIN.OBJ
C:\USERS\GUSTAVO\DESKTOP\BCC\TAMU\1SEMESTER\441\ASSINGMENTS\06\FLTK-1.0.11\LIB\FLTKD.LIB
C:\Users\Gustavo\Desktop\bcc\tamu\1semester\441\assingments\06\fltk-1.0.11\visualc\Debug\filename_absolute.obj
C:\Users\Gustavo\Desktop\bcc\tamu\1semester\441\assingments\06\fltk-1.0.11\visualc\Debug\filename_expand.obj
C:\Users\Gustavo\Desktop\bcc\tamu\1semester\441\assingments\06\fltk-1.0.11\visualc\Debug\filename_ext.obj
C:\Users\Gustavo\Desktop\bcc\tamu\1semester\441\assingments\06\fltk-1.0.11\visualc\Debug\filename_isdir.obj
C:\Users\Gustavo\Desktop\bcc\tamu\1semester\441\assingments\06\fltk-1.0.11\visualc\Debug\filename_list.obj
C:\Users\Gustavo\Desktop\bcc\tamu\1semester\441\assingments\06\fltk-1.0.11\visualc\Debug\filename_match.obj
C:\Users\Gustavo\Desktop\bcc\tamu\1semester\441\assingments\06\fltk-1.0.11\visualc\Debug\filename_setext.obj
C:\Users\Gustavo\Desktop\bcc\tamu\1semester\441\assingments\06\fltk-1.0.11\visualc\Debug\Fl.obj
C:\Users\Gustavo\Desktop\bcc\tamu\1semester\441\assingments\06\fltk-1.0.11\visualc\Debug\Fl_abort.obj
C:\Users\Gustavo\Desktop\bcc\tamu\1semester\441\assingments\06\fltk-1.0.11\visualc\Debug\Fl_add_idle.obj
C:\Users\Gustavo\Desktop\bcc\tamu\1semester\441\assingments\06\fltk-1.0.11\visualc\Debug\Fl_Adjuster.obj
C:\Users\Gustavo\Desktop\bcc\tamu\1semester\441\assingments\06\fltk-1.0.11\visualc\Debug\fl_arc.obj
C:\Users\Gustavo\Desktop\bcc\tamu\1semester\441\assingments\06\fltk-1.0.11\visualc\Debug\fl_arci.obj
C:\Users\Gustavo\Desktop\bcc\tamu\1semester\441\assingments\06\fltk-1.0.11\visualc\Debug\Fl_arg.obj
C:\Users\Gustavo\Desktop\bcc\tamu\1semester\441\assingments\06\fltk-1.0.11\visualc\Debug\fl_ask.obj
C:\Users\Gustavo\Desktop\bcc\tamu\1semester\441\assingments\06\fltk-1.0.11\visualc\Debug\Fl_Bitmap.obj
C:\Users\Gustavo\Desktop\bcc\tamu\1semester\441\assingments\06\fltk-1.0.11\visualc\Debug\Fl_Box.obj
C:\Users\Gustavo\Desktop\bcc\tamu\1semester\441\assingments\06\fltk-1.0.11\visualc\Debug\fl_boxtype.obj
C:\Users\Gustavo\Desktop\bcc\tamu\1semester\441\assingments\06\fltk-1.0.11\visualc\Debug\Fl_Browser.obj
C:\Users\Gustavo\Desktop\bcc\tamu\1semester\441\assingments\06\fltk-1.0.11\visualc\Debug\Fl_Browser_.obj
C:\Users\Gustavo\Desktop\bcc\tamu\1semester\441\assingments\06\fltk-1.0.11\visualc\Debug\Fl_Browser_load.obj
C:\Users\Gustavo\Desktop\bcc\tamu\1semester\441\assingments\06\fltk-1.0.11\visualc\Debug\Fl_Button.obj
C:\Users\Gustavo\Desktop\bcc\tamu\1semester\441\assingments\06\fltk-1.0.11\visualc\Debug\fl_call_main.obj
C:\Users\Gustavo\Desktop\bcc\tamu\1semester\441\assingments\06\fltk-1.0.11\visualc\Debug\Fl_Chart.obj
C:\Users\Gustavo\Desktop\bcc\tamu\1semester\441\assingments\06\fltk-1.0.11\visualc\Debug\Fl_Check_Button.obj
C:\Users\Gustavo\Desktop\bcc\tamu\1semester\441\assingments\06\fltk-1.0.11\visualc\Debug\Fl_Choice.obj
C:\Users\Gustavo\Desktop\bcc\tamu\1semester\441\assingments\06\fltk-1.0.11\visualc\Debug\Fl_Clock.obj
C:\Users\Gustavo\Desktop\bcc\tamu\1semester\441\assingments\06\fltk-1.0.11\visualc\Debug\fl_color.obj
C:\Users\Gustavo\Desktop\bcc\tamu\1semester\441\assingments\06\fltk-1.0.11\visualc\Debug\Fl_Color_Chooser.obj
C:\Users\Gustavo\Desktop\bcc\tamu\1semester\441\assingments\06\fltk-1.0.11\visualc\Debug\Fl_compose.obj
C:\Users\Gustavo\Desktop\bcc\tamu\1semester\441\assingments\06\fltk-1.0.11\visualc\Debug\Fl_Counter.obj
C:\Users\Gustavo\Desktop\bcc\tamu\1semester\441\assingments\06\fltk-1.0.11\visualc\Debug\fl_cursor.obj
C:\Users\Gustavo\Desktop\bcc\tamu\1semester\441\assingments\06\fltk-1.0.11\visualc\Debug\fl_curve.obj
C:\Users\Gustavo\Desktop\bcc\tamu\1semester\441\assingments\06\fltk-1.0.11\visualc\Debug\Fl_cutpaste.obj
C:\Users\Gustavo\Desktop\bcc\tamu\1semester\441\assingments\06\fltk-1.0.11\visualc\Debug\Fl_Dial.obj
C:\Users\Gustavo\Desktop\bcc\tamu\1semester\441\assingments\06\fltk-1.0.11\visualc\Debug\fl_diamond_box.obj
C:\Users\Gustavo\Desktop\bcc\tamu\1semester\441\assingments\06\fltk-1.0.11\visualc\Debug\Fl_display.obj
C:\Users\Gustavo\Desktop\bcc\tamu\1semester\441\assingments\06\fltk-1.0.11\visualc\Debug\Fl_Double_Window.obj
C:\Users\Gustavo\Desktop\bcc\tamu\1semester\441\assingments\06\fltk-1.0.11\visualc\Debug\fl_draw.obj
C:\Users\Gustavo\Desktop\bcc\tamu\1semester\441\assingments\06\fltk-1.0.11\visualc\Debug\fl_draw_image.obj
C:\Users\Gustavo\Desktop\bcc\tamu\1semester\441\assingments\06\fltk-1.0.11\visualc\Debug\fl_draw_pixmap.obj
C:\Users\Gustavo\Desktop\bcc\tamu\1semester\441\assingments\06\fltk-1.0.11\visualc\Debug\fl_engraved_label.obj
C:\Users\Gustavo\Desktop\bcc\tamu\1semester\441\assingments\06\fltk-1.0.11\visualc\Debug\fl_file_chooser.obj
C:\Users\Gustavo\Desktop\bcc\tamu\1semester\441\assingments\06\fltk-1.0.11\visualc\Debug\fl_font.obj
C:\Users\Gustavo\Desktop\bcc\tamu\1semester\441\assingments\06\fltk-1.0.11\visualc\Debug\Fl_get_key.obj
C:\Users\Gustavo\Desktop\bcc\tamu\1semester\441\assingments\06\fltk-1.0.11\visualc\Debug\Fl_get_system_colors.obj
C:\Users\Gustavo\Desktop\bcc\tamu\1semester\441\assingments\06\fltk-1.0.11\visualc\Debug\Fl_Gl_Choice.obj
C:\Users\Gustavo\Desktop\bcc\tamu\1semester\441\assingments\06\fltk-1.0.11\visualc\Debug\Fl_Gl_Overlay.obj
C:\Users\Gustavo\Desktop\bcc\tamu\1semester\441\assingments\06\fltk-1.0.11\visualc\Debug\Fl_Gl_Window.obj
C:\Users\Gustavo\Desktop\bcc\tamu\1semester\441\assingments\06\fltk-1.0.11\visualc\Debug\Fl_grab.obj
C:\Users\Gustavo\Desktop\bcc\tamu\1semester\441\assingments\06\fltk-1.0.11\visualc\Debug\Fl_Group.obj
C:\Users\Gustavo\Desktop\bcc\tamu\1semester\441\assingments\06\fltk-1.0.11\visualc\Debug\Fl_Image.obj
C:\Users\Gustavo\Desktop\bcc\tamu\1semester\441\assingments\06\fltk-1.0.11\visualc\Debug\Fl_Input.obj
C:\Users\Gustavo\Desktop\bcc\tamu\1semester\441\assingments\06\fltk-1.0.11\visualc\Debug\Fl_Input_.obj
C:\Users\Gustavo\Desktop\bcc\tamu\1semester\441\assingments\06\fltk-1.0.11\visualc\Debug\fl_labeltype.obj
C:\Users\Gustavo\Desktop\bcc\tamu\1semester\441\assingments\06\fltk-1.0.11\visualc\Debug\Fl_Light_Button.obj
C:\Users\Gustavo\Desktop\bcc\tamu\1semester\441\assingments\06\fltk-1.0.11\visualc\Debug\fl_line_style.obj
C:\Users\Gustavo\Desktop\bcc\tamu\1semester\441\assingments\06\fltk-1.0.11\visualc\Debug\Fl_Menu.obj
C:\Users\Gustavo\Desktop\bcc\tamu\1semester\441\assingments\06\fltk-1.0.11\visualc\Debug\Fl_Menu_.obj
C:\Users\Gustavo\Desktop\bcc\tamu\1semester\441\assingments\06\fltk-1.0.11\visualc\Debug\Fl_Menu_add.obj
C:\Users\Gustavo\Desktop\bcc\tamu\1semester\441\assingments\06\fltk-1.0.11\visualc\Debug\Fl_Menu_Bar.obj
C:\Users\Gustavo\Desktop\bcc\tamu\1semester\441\assingments\06\fltk-1.0.11\visualc\Debug\Fl_Menu_Button.obj
C:\Users\Gustavo\Desktop\bcc\tamu\1semester\441\assingments\06\fltk-1.0.11\visualc\Debug\Fl_Menu_global.obj
C:\Users\Gustavo\Desktop\bcc\tamu\1semester\441\assingments\06\fltk-1.0.11\visualc\Debug\Fl_Menu_Window.obj
C:\Users\Gustavo\Desktop\bcc\tamu\1semester\441\assingments\06\fltk-1.0.11\visualc\Debug\Fl_Multi_Label.obj
C:\Users\Gustavo\Desktop\bcc\tamu\1semester\441\assingments\06\fltk-1.0.11\visualc\Debug\Fl_Output.obj
C:\Users\Gustavo\Desktop\bcc\tamu\1semester\441\assingments\06\fltk-1.0.11\visualc\Debug\fl_oval_box.obj
C:\Users\Gustavo\Desktop\bcc\tamu\1semester\441\assingments\06\fltk-1.0.11\visualc\Debug\fl_overlay.obj
C:\Users\Gustavo\Desktop\bcc\tamu\1semester\441\assingments\06\fltk-1.0.11\visualc\Debug\fl_overlay_visual.obj
C:\Users\Gustavo\Desktop\bcc\tamu\1semester\441\assingments\06\fltk-1.0.11\visualc\Debug\Fl_Overlay_Window.obj
C:\Users\Gustavo\Desktop\bcc\tamu\1semester\441\assingments\06\fltk-1.0.11\visualc\Debug\Fl_own_colormap.obj
C:\Users\Gustavo\Desktop\bcc\tamu\1semester\441\assingments\06\fltk-1.0.11\visualc\Debug\Fl_Pack.obj
C:\Users\Gustavo\Desktop\bcc\tamu\1semester\441\assingments\06\fltk-1.0.11\visualc\Debug\Fl_Pixmap.obj
C:\Users\Gustavo\Desktop\bcc\tamu\1semester\441\assingments\06\fltk-1.0.11\visualc\Debug\Fl_Positioner.obj
C:\Users\Gustavo\Desktop\bcc\tamu\1semester\441\assingments\06\fltk-1.0.11\visualc\Debug\fl_rect.obj
C:\Users\Gustavo\Desktop\bcc\tamu\1semester\441\assingments\06\fltk-1.0.11\visualc\Debug\Fl_Repeat_Button.obj
C:\Users\Gustavo\Desktop\bcc\tamu\1semester\441\assingments\06\fltk-1.0.11\visualc\Debug\Fl_Return_Button.obj
C:\Users\Gustavo\Desktop\bcc\tamu\1semester\441\assingments\06\fltk-1.0.11\visualc\Debug\Fl_Roller.obj
C:\Users\Gustavo\Desktop\bcc\tamu\1semester\441\assingments\06\fltk-1.0.11\visualc\Debug\fl_rounded_box.obj
C:\Users\Gustavo\Desktop\bcc\tamu\1semester\441\assingments\06\fltk-1.0.11\visualc\Debug\fl_round_box.obj
C:\Users\Gustavo\Desktop\bcc\tamu\1semester\441\assingments\06\fltk-1.0.11\visualc\Debug\Fl_Round_Button.obj
C:\Users\Gustavo\Desktop\bcc\tamu\1semester\441\assingments\06\fltk-1.0.11\visualc\Debug\Fl_Scroll.obj
C:\Users\Gustavo\Desktop\bcc\tamu\1semester\441\assingments\06\fltk-1.0.11\visualc\Debug\Fl_Scrollbar.obj
C:\Users\Gustavo\Desktop\bcc\tamu\1semester\441\assingments\06\fltk-1.0.11\visualc\Debug\fl_scroll_area.obj
C:\Users\Gustavo\Desktop\bcc\tamu\1semester\441\assingments\06\fltk-1.0.11\visualc\Debug\fl_set_font.obj
C:\Users\Gustavo\Desktop\bcc\tamu\1semester\441\assingments\06\fltk-1.0.11\visualc\Debug\fl_set_fonts.obj
C:\Users\Gustavo\Desktop\bcc\tamu\1semester\441\assingments\06\fltk-1.0.11\visualc\Debug\fl_shadow_box.obj
C:\Users\Gustavo\Desktop\bcc\tamu\1semester\441\assingments\06\fltk-1.0.11\visualc\Debug\fl_shortcut.obj
C:\Users\Gustavo\Desktop\bcc\tamu\1semester\441\assingments\06\fltk-1.0.11\visualc\Debug\fl_show_colormap.obj
C:\Users\Gustavo\Desktop\bcc\tamu\1semester\441\assingments\06\fltk-1.0.11\visualc\Debug\Fl_Single_Window.obj
C:\Users\Gustavo\Desktop\bcc\tamu\1semester\441\assingments\06\fltk-1.0.11\visualc\Debug\Fl_Slider.obj
C:\Users\Gustavo\Desktop\bcc\tamu\1semester\441\assingments\06\fltk-1.0.11\visualc\Debug\fl_symbols.obj
C:\Users\Gustavo\Desktop\bcc\tamu\1semester\441\assingments\06\fltk-1.0.11\visualc\Debug\Fl_Tabs.obj
C:\Users\Gustavo\Desktop\bcc\tamu\1semester\441\assingments\06\fltk-1.0.11\visualc\Debug\Fl_Tile.obj
C:\Users\Gustavo\Desktop\bcc\tamu\1semester\441\assingments\06\fltk-1.0.11\visualc\Debug\Fl_Valuator.obj
C:\Users\Gustavo\Desktop\bcc\tamu\1semester\441\assingments\06\fltk-1.0.11\visualc\Debug\Fl_Value_Input.obj
C:\Users\Gustavo\Desktop\bcc\tamu\1semester\441\assingments\06\fltk-1.0.11\visualc\Debug\Fl_Value_Output.obj
C:\Users\Gustavo\Desktop\bcc\tamu\1semester\441\assingments\06\fltk-1.0.11\visualc\Debug\Fl_Value_Slider.obj
C:\Users\Gustavo\Desktop\bcc\tamu\1semester\441\assingments\06\fltk-1.0.11\visualc\Debug\fl_vertex.obj
C:\Users\Gustavo\Desktop\bcc\tamu\1semester\441\assingments\06\fltk-1.0.11\visualc\Debug\Fl_visual.obj
C:\Users\Gustavo\Desktop\bcc\tamu\1semester\441\assingments\06\fltk-1.0.11\visualc\Debug\Fl_Widget.obj
C:\Users\Gustavo\Desktop\bcc\tamu\1semester\441\assingments\06\fltk-1.0.11\visualc\Debug\Fl_Window.obj
C:\Users\Gustavo\Desktop\bcc\tamu\1semester\441\assingments\06\fltk-1.0.11\visualc\Debug\Fl_Window_fullscreen.obj
C:\Users\Gustavo\Desktop\bcc\tamu\1semester\441\assingments\06\fltk-1.0.11\visualc\Debug\Fl_Window_hotspot.obj
C:\Users\Gustavo\Desktop\bcc\tamu\1semester\441\assingments\06\fltk-1.0.11\visualc\Debug\Fl_Window_iconize.obj
C:\Users\Gustavo\Desktop\bcc\tamu\1semester\441\assingments\06\fltk-1.0.11\visualc\Debug\Fl_x.obj
C:\Users\Gustavo\Desktop\bcc\tamu\1semester\441\assingments\06\fltk-1.0.11\visualc\Debug\forms_bitmap.obj
C:\Users\Gustavo\Desktop\bcc\tamu\1semester\441\assingments\06\fltk-1.0.11\visualc\Debug\forms_compatability.obj
C:\Users\Gustavo\Desktop\bcc\tamu\1semester\441\assingments\06\fltk-1.0.11\visualc\Debug\forms_free.obj
C:\Users\Gustavo\Desktop\bcc\tamu\1semester\441\assingments\06\fltk-1.0.11\visualc\Debug\forms_fselect.obj
C:\Users\Gustavo\Desktop\bcc\tamu\1semester\441\assingments\06\fltk-1.0.11\visualc\Debug\forms_pixmap.obj
C:\Users\Gustavo\Desktop\bcc\tamu\1semester\441\assingments\06\fltk-1.0.11\visualc\Debug\forms_timer.obj
C:\Users\Gustavo\Desktop\bcc\tamu\1semester\441\assingments\06\fltk-1.0.11\visualc\Debug\glut_compatability.obj
C:\Users\Gustavo\Desktop\bcc\tamu\1semester\441\assingments\06\fltk-1.0.11\visualc\Debug\glut_font.obj
C:\Users\Gustavo\Desktop\bcc\tamu\1semester\441\assingments\06\fltk-1.0.11\visualc\Debug\gl_draw.obj
C:\Users\Gustavo\Desktop\bcc\tamu\1semester\441\assingments\06\fltk-1.0.11\visualc\Debug\gl_start.obj
C:\Users\Gustavo\Desktop\bcc\tamu\1semester\441\assingments\06\fltk-1.0.11\visualc\Debug\numericsort.obj
C:\Users\Gustavo\Desktop\bcc\tamu\1semester\441\assingments\06\fltk-1.0.11\visualc\Debug\scandir.obj
C:\Users\Gustavo\Desktop\bcc\tamu\1semester\441\assingments\06\fltk-1.0.11\visualc\Debug\vsnprintf.obj
C:\Users\Gustavo\Desktop\bcc\tamu\1semester\441\assingments\06\fltk-1.0.11\visualc\Debug\BscMake.command.1.tlog
C:\Users\Gustavo\Desktop\bcc\tamu\1semester\441\assingments\06\fltk-1.0.11\visualc\Debug\bscmake.read.1.tlog
C:\Users\Gustavo\Desktop\bcc\tamu\1semester\441\assingments\06\fltk-1.0.11\visualc\Debug\bscmake.write.1.tlog
C:\Users\Gustavo\Desktop\bcc\tamu\1semester\441\assingments\06\fltk-1.0.11\visualc\Debug\cl.command.1.tlog
C:\Users\Gustavo\Desktop\bcc\tamu\1semester\441\assingments\06\fltk-1.0.11\visualc\Debug\CL.read.1.tlog
C:\Users\Gustavo\Desktop\bcc\tamu\1semester\441\assingments\06\fltk-1.0.11\visualc\Debug\CL.write.1.tlog
C:\Users\Gustavo\Desktop\bcc\tamu\1semester\441\assingments\06\fltk-1.0.11\visualc\Debug\Lib-link.read.1.tlog
C:\Users\Gustavo\Desktop\bcc\tamu\1semester\441\assingments\06\fltk-1.0.11\visualc\Debug\Lib-link.write.1.tlog
C:\Users\Gustavo\Desktop\bcc\tamu\1semester\441\assingments\06\fltk-1.0.11\visualc\Debug\lib.command.1.tlog
C:\Users\Gustavo\Desktop\bcc\tamu\1semester\441\assingments\06\fltk-1.0.11\visualc\Debug\fltk.lib.bsc
C:\Users\Gustavo\Desktop\bcc\tamu\1semester\441\assingments\06\fltk-1.0.11\visualc\Debug\filename_absolute.sbr
C:\Users\Gustavo\Desktop\bcc\tamu\1semester\441\assingments\06\fltk-1.0.11\visualc\Debug\filename_expand.sbr
C:\Users\Gustavo\Desktop\bcc\tamu\1semester\441\assingments\06\fltk-1.0.11\visualc\Debug\filename_ext.sbr
C:\Users\Gustavo\Desktop\bcc\tamu\1semester\441\assingments\06\fltk-1.0.11\visualc\Debug\filename_isdir.sbr
C:\Users\Gustavo\Desktop\bcc\tamu\1semester\441\assingments\06\fltk-1.0.11\visualc\Debug\filename_list.sbr
C:\Users\Gustavo\Desktop\bcc\tamu\1semester\441\assingments\06\fltk-1.0.11\visualc\Debug\filename_match.sbr
C:\Users\Gustavo\Desktop\bcc\tamu\1semester\441\assingments\06\fltk-1.0.11\visualc\Debug\filename_setext.sbr
C:\Users\Gustavo\Desktop\bcc\tamu\1semester\441\assingments\06\fltk-1.0.11\visualc\Debug\Fl.sbr
C:\Users\Gustavo\Desktop\bcc\tamu\1semester\441\assingments\06\fltk-1.0.11\visualc\Debug\Fl_abort.sbr
C:\Users\Gustavo\Desktop\bcc\tamu\1semester\441\assingments\06\fltk-1.0.11\visualc\Debug\Fl_add_idle.sbr
C:\Users\Gustavo\Desktop\bcc\tamu\1semester\441\assingments\06\fltk-1.0.11\visualc\Debug\Fl_Adjuster.sbr
C:\Users\Gustavo\Desktop\bcc\tamu\1semester\441\assingments\06\fltk-1.0.11\visualc\Debug\fl_arc.sbr
C:\Users\Gustavo\Desktop\bcc\tamu\1semester\441\assingments\06\fltk-1.0.11\visualc\Debug\fl_arci.sbr
C:\Users\Gustavo\Desktop\bcc\tamu\1semester\441\assingments\06\fltk-1.0.11\visualc\Debug\Fl_arg.sbr
C:\Users\Gustavo\Desktop\bcc\tamu\1semester\441\assingments\06\fltk-1.0.11\visualc\Debug\fl_ask.sbr
C:\Users\Gustavo\Desktop\bcc\tamu\1semester\441\assingments\06\fltk-1.0.11\visualc\Debug\Fl_Bitmap.sbr
C:\Users\Gustavo\Desktop\bcc\tamu\1semester\441\assingments\06\fltk-1.0.11\visualc\Debug\Fl_Box.sbr
C:\Users\Gustavo\Desktop\bcc\tamu\1semester\441\assingments\06\fltk-1.0.11\visualc\Debug\fl_boxtype.sbr
C:\Users\Gustavo\Desktop\bcc\tamu\1semester\441\assingments\06\fltk-1.0.11\visualc\Debug\Fl_Browser.sbr
C:\Users\Gustavo\Desktop\bcc\tamu\1semester\441\assingments\06\fltk-1.0.11\visualc\Debug\Fl_Browser_.sbr
C:\Users\Gustavo\Desktop\bcc\tamu\1semester\441\assingments\06\fltk-1.0.11\visualc\Debug\Fl_Browser_load.sbr
C:\Users\Gustavo\Desktop\bcc\tamu\1semester\441\assingments\06\fltk-1.0.11\visualc\Debug\Fl_Button.sbr
C:\Users\Gustavo\Desktop\bcc\tamu\1semester\441\assingments\06\fltk-1.0.11\visualc\Debug\fl_call_main.sbr
C:\Users\Gustavo\Desktop\bcc\tamu\1semester\441\assingments\06\fltk-1.0.11\visualc\Debug\Fl_Chart.sbr
C:\Users\Gustavo\Desktop\bcc\tamu\1semester\441\assingments\06\fltk-1.0.11\visualc\Debug\Fl_Check_Button.sbr
C:\Users\Gustavo\Desktop\bcc\tamu\1semester\441\assingments\06\fltk-1.0.11\visualc\Debug\Fl_Choice.sbr
C:\Users\Gustavo\Desktop\bcc\tamu\1semester\441\assingments\06\fltk-1.0.11\visualc\Debug\Fl_Clock.sbr
C:\Users\Gustavo\Desktop\bcc\tamu\1semester\441\assingments\06\fltk-1.0.11\visualc\Debug\fl_color.sbr
C:\Users\Gustavo\Desktop\bcc\tamu\1semester\441\assingments\06\fltk-1.0.11\visualc\Debug\Fl_Color_Chooser.sbr
C:\Users\Gustavo\Desktop\bcc\tamu\1semester\441\assingments\06\fltk-1.0.11\visualc\Debug\Fl_compose.sbr
C:\Users\Gustavo\Desktop\bcc\tamu\1semester\441\assingments\06\fltk-1.0.11\visualc\Debug\Fl_Counter.sbr
C:\Users\Gustavo\Desktop\bcc\tamu\1semester\441\assingments\06\fltk-1.0.11\visualc\Debug\fl_cursor.sbr
C:\Users\Gustavo\Desktop\bcc\tamu\1semester\441\assingments\06\fltk-1.0.11\visualc\Debug\fl_curve.sbr
C:\Users\Gustavo\Desktop\bcc\tamu\1semester\441\assingments\06\fltk-1.0.11\visualc\Debug\Fl_cutpaste.sbr
C:\Users\Gustavo\Desktop\bcc\tamu\1semester\441\assingments\06\fltk-1.0.11\visualc\Debug\Fl_Dial.sbr
C:\Users\Gustavo\Desktop\bcc\tamu\1semester\441\assingments\06\fltk-1.0.11\visualc\Debug\fl_diamond_box.sbr
C:\Users\Gustavo\Desktop\bcc\tamu\1semester\441\assingments\06\fltk-1.0.11\visualc\Debug\Fl_display.sbr
C:\Users\Gustavo\Desktop\bcc\tamu\1semester\441\assingments\06\fltk-1.0.11\visualc\Debug\Fl_Double_Window.sbr
C:\Users\Gustavo\Desktop\bcc\tamu\1semester\441\assingments\06\fltk-1.0.11\visualc\Debug\fl_draw.sbr
C:\Users\Gustavo\Desktop\bcc\tamu\1semester\441\assingments\06\fltk-1.0.11\visualc\Debug\fl_draw_image.sbr
C:\Users\Gustavo\Desktop\bcc\tamu\1semester\441\assingments\06\fltk-1.0.11\visualc\Debug\fl_draw_pixmap.sbr
C:\Users\Gustavo\Desktop\bcc\tamu\1semester\441\assingments\06\fltk-1.0.11\visualc\Debug\fl_engraved_label.sbr
C:\Users\Gustavo\Desktop\bcc\tamu\1semester\441\assingments\06\fltk-1.0.11\visualc\Debug\fl_file_chooser.sbr
C:\Users\Gustavo\Desktop\bcc\tamu\1semester\441\assingments\06\fltk-1.0.11\visualc\Debug\fl_font.sbr
C:\Users\Gustavo\Desktop\bcc\tamu\1semester\441\assingments\06\fltk-1.0.11\visualc\Debug\Fl_get_key.sbr
C:\Users\Gustavo\Desktop\bcc\tamu\1semester\441\assingments\06\fltk-1.0.11\visualc\Debug\Fl_get_system_colors.sbr
C:\Users\Gustavo\Desktop\bcc\tamu\1semester\441\assingments\06\fltk-1.0.11\visualc\Debug\Fl_Gl_Choice.sbr
C:\Users\Gustavo\Desktop\bcc\tamu\1semester\441\assingments\06\fltk-1.0.11\visualc\Debug\Fl_Gl_Overlay.sbr
C:\Users\Gustavo\Desktop\bcc\tamu\1semester\441\assingments\06\fltk-1.0.11\visualc\Debug\Fl_Gl_Window.sbr
C:\Users\Gustavo\Desktop\bcc\tamu\1semester\441\assingments\06\fltk-1.0.11\visualc\Debug\Fl_grab.sbr
C:\Users\Gustavo\Desktop\bcc\tamu\1semester\441\assingments\06\fltk-1.0.11\visualc\Debug\Fl_Group.sbr
C:\Users\Gustavo\Desktop\bcc\tamu\1semester\441\assingments\06\fltk-1.0.11\visualc\Debug\Fl_Image.sbr
C:\Users\Gustavo\Desktop\bcc\tamu\1semester\441\assingments\06\fltk-1.0.11\visualc\Debug\Fl_Input.sbr
C:\Users\Gustavo\Desktop\bcc\tamu\1semester\441\assingments\06\fltk-1.0.11\visualc\Debug\Fl_Input_.sbr
C:\Users\Gustavo\Desktop\bcc\tamu\1semester\441\assingments\06\fltk-1.0.11\visualc\Debug\fl_labeltype.sbr
C:\Users\Gustavo\Desktop\bcc\tamu\1semester\441\assingments\06\fltk-1.0.11\visualc\Debug\Fl_Light_Button.sbr
C:\Users\Gustavo\Desktop\bcc\tamu\1semester\441\assingments\06\fltk-1.0.11\visualc\Debug\fl_line_style.sbr
C:\Users\Gustavo\Desktop\bcc\tamu\1semester\441\assingments\06\fltk-1.0.11\visualc\Debug\Fl_Menu.sbr
C:\Users\Gustavo\Desktop\bcc\tamu\1semester\441\assingments\06\fltk-1.0.11\visualc\Debug\Fl_Menu_.sbr
C:\Users\Gustavo\Desktop\bcc\tamu\1semester\441\assingments\06\fltk-1.0.11\visualc\Debug\Fl_Menu_add.sbr
C:\Users\Gustavo\Desktop\bcc\tamu\1semester\441\assingments\06\fltk-1.0.11\visualc\Debug\Fl_Menu_Bar.sbr
C:\Users\Gustavo\Desktop\bcc\tamu\1semester\441\assingments\06\fltk-1.0.11\visualc\Debug\Fl_Menu_Button.sbr
C:\Users\Gustavo\Desktop\bcc\tamu\1semester\441\assingments\06\fltk-1.0.11\visualc\Debug\Fl_Menu_global.sbr
C:\Users\Gustavo\Desktop\bcc\tamu\1semester\441\assingments\06\fltk-1.0.11\visualc\Debug\Fl_Menu_Window.sbr
C:\Users\Gustavo\Desktop\bcc\tamu\1semester\441\assingments\06\fltk-1.0.11\visualc\Debug\Fl_Multi_Label.sbr
C:\Users\Gustavo\Desktop\bcc\tamu\1semester\441\assingments\06\fltk-1.0.11\visualc\Debug\Fl_Output.sbr
C:\Users\Gustavo\Desktop\bcc\tamu\1semester\441\assingments\06\fltk-1.0.11\visualc\Debug\fl_oval_box.sbr
C:\Users\Gustavo\Desktop\bcc\tamu\1semester\441\assingments\06\fltk-1.0.11\visualc\Debug\fl_overlay.sbr
C:\Users\Gustavo\Desktop\bcc\tamu\1semester\441\assingments\06\fltk-1.0.11\visualc\Debug\fl_overlay_visual.sbr
C:\Users\Gustavo\Desktop\bcc\tamu\1semester\441\assingments\06\fltk-1.0.11\visualc\Debug\Fl_Overlay_Window.sbr
C:\Users\Gustavo\Desktop\bcc\tamu\1semester\441\assingments\06\fltk-1.0.11\visualc\Debug\Fl_own_colormap.sbr
C:\Users\Gustavo\Desktop\bcc\tamu\1semester\441\assingments\06\fltk-1.0.11\visualc\Debug\Fl_Pack.sbr
C:\Users\Gustavo\Desktop\bcc\tamu\1semester\441\assingments\06\fltk-1.0.11\visualc\Debug\Fl_Pixmap.sbr
C:\Users\Gustavo\Desktop\bcc\tamu\1semester\441\assingments\06\fltk-1.0.11\visualc\Debug\Fl_Positioner.sbr
C:\Users\Gustavo\Desktop\bcc\tamu\1semester\441\assingments\06\fltk-1.0.11\visualc\Debug\fl_rect.sbr
C:\Users\Gustavo\Desktop\bcc\tamu\1semester\441\assingments\06\fltk-1.0.11\visualc\Debug\Fl_Repeat_Button.sbr
C:\Users\Gustavo\Desktop\bcc\tamu\1semester\441\assingments\06\fltk-1.0.11\visualc\Debug\Fl_Return_Button.sbr
C:\Users\Gustavo\Desktop\bcc\tamu\1semester\441\assingments\06\fltk-1.0.11\visualc\Debug\Fl_Roller.sbr
C:\Users\Gustavo\Desktop\bcc\tamu\1semester\441\assingments\06\fltk-1.0.11\visualc\Debug\fl_rounded_box.sbr
C:\Users\Gustavo\Desktop\bcc\tamu\1semester\441\assingments\06\fltk-1.0.11\visualc\Debug\fl_round_box.sbr
C:\Users\Gustavo\Desktop\bcc\tamu\1semester\441\assingments\06\fltk-1.0.11\visualc\Debug\Fl_Round_Button.sbr
C:\Users\Gustavo\Desktop\bcc\tamu\1semester\441\assingments\06\fltk-1.0.11\visualc\Debug\Fl_Scroll.sbr
C:\Users\Gustavo\Desktop\bcc\tamu\1semester\441\assingments\06\fltk-1.0.11\visualc\Debug\Fl_Scrollbar.sbr
C:\Users\Gustavo\Desktop\bcc\tamu\1semester\441\assingments\06\fltk-1.0.11\visualc\Debug\fl_scroll_area.sbr
C:\Users\Gustavo\Desktop\bcc\tamu\1semester\441\assingments\06\fltk-1.0.11\visualc\Debug\fl_set_font.sbr
C:\Users\Gustavo\Desktop\bcc\tamu\1semester\441\assingments\06\fltk-1.0.11\visualc\Debug\fl_set_fonts.sbr
C:\Users\Gustavo\Desktop\bcc\tamu\1semester\441\assingments\06\fltk-1.0.11\visualc\Debug\fl_shadow_box.sbr
C:\Users\Gustavo\Desktop\bcc\tamu\1semester\441\assingments\06\fltk-1.0.11\visualc\Debug\fl_shortcut.sbr
C:\Users\Gustavo\Desktop\bcc\tamu\1semester\441\assingments\06\fltk-1.0.11\visualc\Debug\fl_show_colormap.sbr
C:\Users\Gustavo\Desktop\bcc\tamu\1semester\441\assingments\06\fltk-1.0.11\visualc\Debug\Fl_Single_Window.sbr
C:\Users\Gustavo\Desktop\bcc\tamu\1semester\441\assingments\06\fltk-1.0.11\visualc\Debug\Fl_Slider.sbr
C:\Users\Gustavo\Desktop\bcc\tamu\1semester\441\assingments\06\fltk-1.0.11\visualc\Debug\fl_symbols.sbr
C:\Users\Gustavo\Desktop\bcc\tamu\1semester\441\assingments\06\fltk-1.0.11\visualc\Debug\Fl_Tabs.sbr
C:\Users\Gustavo\Desktop\bcc\tamu\1semester\441\assingments\06\fltk-1.0.11\visualc\Debug\Fl_Tile.sbr
C:\Users\Gustavo\Desktop\bcc\tamu\1semester\441\assingments\06\fltk-1.0.11\visualc\Debug\Fl_Valuator.sbr
C:\Users\Gustavo\Desktop\bcc\tamu\1semester\441\assingments\06\fltk-1.0.11\visualc\Debug\Fl_Value_Input.sbr
C:\Users\Gustavo\Desktop\bcc\tamu\1semester\441\assingments\06\fltk-1.0.11\visualc\Debug\Fl_Value_Output.sbr
C:\Users\Gustavo\Desktop\bcc\tamu\1semester\441\assingments\06\fltk-1.0.11\visualc\Debug\Fl_Value_Slider.sbr
C:\Users\Gustavo\Desktop\bcc\tamu\1semester\441\assingments\06\fltk-1.0.11\visualc\Debug\fl_vertex.sbr
C:\Users\Gustavo\Desktop\bcc\tamu\1semester\441\assingments\06\fltk-1.0.11\visualc\Debug\Fl_visual.sbr
C:\Users\Gustavo\Desktop\bcc\tamu\1semester\441\assingments\06\fltk-1.0.11\visualc\Debug\Fl_Widget.sbr
C:\Users\Gustavo\Desktop\bcc\tamu\1semester\441\assingments\06\fltk-1.0.11\visualc\Debug\Fl_Window.sbr
C:\Users\Gustavo\Desktop\bcc\tamu\1semester\441\assingments\06\fltk-1.0.11\visualc\Debug\Fl_Window_fullscreen.sbr
C:\Users\Gustavo\Desktop\bcc\tamu\1semester\441\assingments\06\fltk-1.0.11\visualc\Debug\Fl_Window_hotspot.sbr
C:\Users\Gustavo\Desktop\bcc\tamu\1semester\441\assingments\06\fltk-1.0.11\visualc\Debug\Fl_Window_iconize.sbr
C:\Users\Gustavo\Desktop\bcc\tamu\1semester\441\assingments\06\fltk-1.0.11\visualc\Debug\Fl_x.sbr
C:\Users\Gustavo\Desktop\bcc\tamu\1semester\441\assingments\06\fltk-1.0.11\visualc\Debug\forms_bitmap.sbr
C:\Users\Gustavo\Desktop\bcc\tamu\1semester\441\assingments\06\fltk-1.0.11\visualc\Debug\forms_compatability.sbr
C:\Users\Gustavo\Desktop\bcc\tamu\1semester\441\assingments\06\fltk-1.0.11\visualc\Debug\forms_free.sbr
C:\Users\Gustavo\Desktop\bcc\tamu\1semester\441\assingments\06\fltk-1.0.11\visualc\Debug\forms_fselect.sbr
C:\Users\Gustavo\Desktop\bcc\tamu\1semester\441\assingments\06\fltk-1.0.11\visualc\Debug\forms_pixmap.sbr
C:\Users\Gustavo\Desktop\bcc\tamu\1semester\441\assingments\06\fltk-1.0.11\visualc\Debug\forms_timer.sbr
C:\Users\Gustavo\Desktop\bcc\tamu\1semester\441\assingments\06\fltk-1.0.11\visualc\Debug\glut_compatability.sbr
C:\Users\Gustavo\Desktop\bcc\tamu\1semester\441\assingments\06\fltk-1.0.11\visualc\Debug\glut_font.sbr
C:\Users\Gustavo\Desktop\bcc\tamu\1semester\441\assingments\06\fltk-1.0.11\visualc\Debug\gl_draw.sbr
C:\Users\Gustavo\Desktop\bcc\tamu\1semester\441\assingments\06\fltk-1.0.11\visualc\Debug\gl_start.sbr
C:\Users\Gustavo\Desktop\bcc\tamu\1semester\441\assingments\06\fltk-1.0.11\visualc\Debug\numericsort.sbr
C:\Users\Gustavo\Desktop\bcc\tamu\1semester\441\assingments\06\fltk-1.0.11\visualc\Debug\scandir.sbr
C:\Users\Gustavo\Desktop\bcc\tamu\1semester\441\assingments\06\fltk-1.0.11\visualc\Debug\vsnprintf.sbr
